Using pre-set license
Built from '2022.3/china_unity/release' branch; Version is '2022.3.48f1c1 (076abfb8be7c) revision 486079'; Using compiler version '192829333'; Build Type 'Release'
OS: 'Windows 10  (10.0.19045) 64bit Professional' Language: 'zh' Physical Memory: 32581 MB
BatchMode: 1, IsHumanControllingUs: 0, StartBugReporterOnCrash: 0, Is64bit: 1, IsPro: 1

COMMAND LINE ARGUMENTS:
D:\2022.3.48f1c1\Editor\Unity.exe
-adb2
-batchMode
-noUpm
-name
AssetImportWorker1
-projectPath
D:/RippleMinerTycoon_1/RippleMinerTycoonGames
-logFile
Logs/AssetImportWorker1.log
-srvPort
55068
Successfully changed project path to: D:/RippleMinerTycoon_1/RippleMinerTycoonGames
D:/RippleMinerTycoon_1/RippleMinerTycoonGames
[UnityMemory] Configuration Parameters - Can be set up in boot.config
    "memorysetup-bucket-allocator-granularity=16"
    "memorysetup-bucket-allocator-bucket-count=8"
    "memorysetup-bucket-allocator-block-size=33554432"
    "memorysetup-bucket-allocator-block-count=8"
    "memorysetup-main-allocator-block-size=16777216"
    "memorysetup-thread-allocator-block-size=16777216"
    "memorysetup-gfx-main-allocator-block-size=16777216"
    "memorysetup-gfx-thread-allocator-block-size=16777216"
    "memorysetup-cache-allocator-block-size=4194304"
    "memorysetup-typetree-allocator-block-size=2097152"
    "memorysetup-profiler-bucket-allocator-granularity=16"
    "memorysetup-profiler-bucket-allocator-bucket-count=8"
    "memorysetup-profiler-bucket-allocator-block-size=33554432"
    "memorysetup-profiler-bucket-allocator-block-count=8"
    "memorysetup-profiler-allocator-block-size=16777216"
    "memorysetup-profiler-editor-allocator-block-size=1048576"
    "memorysetup-temp-allocator-size-main=16777216"
    "memorysetup-job-temp-allocator-block-size=2097152"
    "memorysetup-job-temp-allocator-block-size-background=1048576"
    "memorysetup-job-temp-allocator-reduction-small-platforms=262144"
    "memorysetup-allocator-temp-initial-block-size-main=262144"
    "memorysetup-allocator-temp-initial-block-size-worker=262144"
    "memorysetup-temp-allocator-size-background-worker=32768"
    "memorysetup-temp-allocator-size-job-worker=262144"
    "memorysetup-temp-allocator-size-preload-manager=33554432"
    "memorysetup-temp-allocator-size-nav-mesh-worker=65536"
    "memorysetup-temp-allocator-size-audio-worker=65536"
    "memorysetup-temp-allocator-size-cloud-worker=32768"
    "memorysetup-temp-allocator-size-gi-baking-worker=262144"
    "memorysetup-temp-allocator-size-gfx=262144"
Player connection [10044]  Target information:

Player connection [10044]  * "[IP] 192.168.10.114 [Port] 0 [Flags] 2 [Guid] 2862918562 [EditorId] 2862918562 [Version] 1048832 [Id] WindowsEditor(7,PURE-20240705RM) [Debug] 1 [PackageName] WindowsEditor [ProjectName] Editor" 

Player connection [10044] Host joined multi-casting on [225.0.0.222:54997]...
Player connection [10044] Host joined alternative multi-casting on [225.0.0.222:34997]...
[PhysX] Initialized MultithreadedTaskDispatcher with 12 workers.
Refreshing native plugins compatible for Editor in 12.00 ms, found 3 plugins.
Preloading 0 native plugins for Editor in 0.00 ms.
Initialize engine version: 2022.3.48f1c1 (076abfb8be7c)
[Subsystems] Discovering subsystems at path D:/2022.3.48f1c1/Editor/Data/Resources/UnitySubsystems
[Subsystems] Discovering subsystems at path D:/RippleMinerTycoon_1/RippleMinerTycoonGames/Assets
GfxDevice: creating device client; threaded=0; jobified=0
Direct3D:
    Version:  Direct3D 11.0 [level 11.1]
    Renderer: NVIDIA GeForce GTX 1660 SUPER (ID=0x21c4)
    Vendor:   NVIDIA
    VRAM:     5966 MB
    Driver:   32.0.15.6614
Initialize mono
Mono path[0] = 'D:/2022.3.48f1c1/Editor/Data/Managed'
Mono path[1] = 'D:/2022.3.48f1c1/Editor/Data/MonoBleedingEdge/lib/mono/unityjit-win32'
Mono config path = 'D:/2022.3.48f1c1/Editor/Data/MonoBleedingEdge/etc'
Using monoOptions --debugger-agent=transport=dt_socket,embedding=1,server=y,suspend=n,address=127.0.0.1:56760
Begin MonoManager ReloadAssembly
Registering precompiled unity dll's ...
Register platform support module: D:/2022.3.48f1c1/Editor/Data/PlaybackEngines/WebGLSupport/UnityEditor.WebGL.Extensions.dll
Register platform support module: D:/2022.3.48f1c1/Editor/Data/PlaybackEngines/AndroidPlayer/UnityEditor.Android.Extensions.dll
Register platform support module: D:/2022.3.48f1c1/Editor/Data/PlaybackEngines/WindowsStandaloneSupport/UnityEditor.WindowsStandalone.Extensions.dll
Registered in 0.009735 seconds.
- Loaded All Assemblies, in  0.297 seconds
Native extension for WindowsStandalone target not found
Native extension for Android target not found
Android Extension - Scanning For ADB Devices 175 ms
Native extension for WebGL target not found
Mono: successfully reloaded assembly
- Finished resetting the current domain, in  0.405 seconds
Domain Reload Profiling: 700ms
	BeginReloadAssembly (92ms)
		ExecutionOrderSort (0ms)
		DisableScriptedObjects (0ms)
		BackupInstance (0ms)
		ReleaseScriptingObjects (0ms)
		CreateAndSetChildDomain (1ms)
	RebuildCommonClasses (26ms)
	RebuildNativeTypeToScriptingClass (8ms)
	initialDomainReloadingComplete (51ms)
	LoadAllAssembliesAndSetupDomain (117ms)
		LoadAssemblies (90ms)
		RebuildTransferFunctionScriptingTraits (0ms)
		AnalyzeDomain (115ms)
			TypeCache.Refresh (114ms)
				TypeCache.ScanAssembly (103ms)
			ScanForSourceGeneratedMonoScriptInfo (0ms)
			ResolveRequiredComponents (0ms)
	FinalizeReload (406ms)
		ReleaseScriptCaches (0ms)
		RebuildScriptCaches (0ms)
		SetupLoadedEditorAssemblies (372ms)
			LogAssemblyErrors (0ms)
			InitializePlatformSupportModulesInManaged (242ms)
			SetLoadedEditorAssemblies (3ms)
			RefreshPlugins (0ms)
			BeforeProcessingInitializeOnLoad (2ms)
			ProcessInitializeOnLoadAttributes (90ms)
			ProcessInitializeOnLoadMethodAttributes (35ms)
			AfterProcessingInitializeOnLoad (0ms)
			EditorAssembliesLoaded (0ms)
		ExecutionOrderSort2 (0ms)
		AwakeInstancesAfterBackupRestoration (0ms)
========================================================================
Worker process is ready to serve import requests
Caller must complete domain reload
Begin MonoManager ReloadAssembly
- Loaded All Assemblies, in  0.523 seconds
Native extension for WindowsStandalone target not found
Native extension for Android target not found
Native extension for WebGL target not found
Package Manager log level set to [2]
[Package Manager] Server::EnsureServerProcessIsRunning -- launch failed, reason: Unity was launched with the -noUpm command-line argument
[Package Manager] UpmClient::Send -- Unable to send message (not connected to UPM process).
[Package Manager] Cannot connect to Unity Package Manager local server
Mono: successfully reloaded assembly
- Finished resetting the current domain, in  0.503 seconds
Domain Reload Profiling: 1024ms
	BeginReloadAssembly (117ms)
		ExecutionOrderSort (0ms)
		DisableScriptedObjects (4ms)
		BackupInstance (0ms)
		ReleaseScriptingObjects (0ms)
		CreateAndSetChildDomain (18ms)
	RebuildCommonClasses (24ms)
	RebuildNativeTypeToScriptingClass (10ms)
	initialDomainReloadingComplete (33ms)
	LoadAllAssembliesAndSetupDomain (336ms)
		LoadAssemblies (252ms)
		RebuildTransferFunctionScriptingTraits (0ms)
		AnalyzeDomain (151ms)
			TypeCache.Refresh (134ms)
				TypeCache.ScanAssembly (121ms)
			ScanForSourceGeneratedMonoScriptInfo (12ms)
			ResolveRequiredComponents (4ms)
	FinalizeReload (504ms)
		ReleaseScriptCaches (0ms)
		RebuildScriptCaches (0ms)
		SetupLoadedEditorAssemblies (396ms)
			LogAssemblyErrors (0ms)
			InitializePlatformSupportModulesInManaged (19ms)
			SetLoadedEditorAssemblies (4ms)
			RefreshPlugins (0ms)
			BeforeProcessingInitializeOnLoad (56ms)
			ProcessInitializeOnLoadAttributes (289ms)
			ProcessInitializeOnLoadMethodAttributes (20ms)
			AfterProcessingInitializeOnLoad (7ms)
			EditorAssembliesLoaded (0ms)
		ExecutionOrderSort2 (0ms)
		AwakeInstancesAfterBackupRestoration (4ms)
Launched and connected shader compiler UnityShaderCompiler.exe after 0.03 seconds
Refreshing native plugins compatible for Editor in 3.07 ms, found 3 plugins.
Preloading 0 native plugins for Editor in 0.00 ms.
Unloading 3497 Unused Serialized files (Serialized files now loaded: 0)
Unloading 19 unused Assets / (54.9 KB). Loaded Objects now: 3965.
Memory consumption went from 126.0 MB to 125.9 MB.
Total: 2.204300 ms (FindLiveObjects: 0.175600 ms CreateObjectMapping: 0.077400 ms MarkObjects: 1.872900 ms  DeleteObjects: 0.077700 ms)

AssetImportParameters requested are different than current active one (requested -> active):
  custom:container-demuxer-ogg: 62fdf1f143b41e24485cea50d1cbac27 -> 
  custom:video-decoder-ogg-theora: a1e56fd34408186e4bbccfd4996cb3dc -> 
  custom:framework-win-MediaFoundation: 216162199b28c13a410421893ffa2e32 -> 
  custom:CustomObjectIndexerAttribute: 9a22284fe3817be447336de3de66b15e -> 
  custom:container-demuxer-webm: 4f35f7cbe854078d1ac9338744f61a02 -> 
  custom:container-muxer-webm: aa71ff27fc2769a1b78a27578f13a17b -> 
  custom:video-decoder-webm-vp8: 9c59270c3fd7afecdb556c50c9e8de78 -> 
  custom:SearchIndexIgnoredProperties: e643bd26f0fe6173181afceb89e7c659 -> 
  custom:AudioImporter_EditorPlatform: d09bf68614088b80899f8185d706f6e7 -> 
  custom:video-encoder-webm-vp8: eb34c28f22e8b96e1ab97ce403110664 -> 
  custom:audio-decoder-ogg-vorbis: bf7c407c2cedff20999df2af8eb42d56 -> 
  custom:audio-encoder-webm-vorbis: bf7c407c2cedff20999df2af8eb42d56 -> 
========================================================================
Received Prepare
Caller must complete domain reload
Begin MonoManager ReloadAssembly
- Loaded All Assemblies, in  0.432 seconds
Native extension for WindowsStandalone target not found
Native extension for Android target not found
Native extension for WebGL target not found
[Package Manager] Server::EnsureServerProcessIsRunning -- launch failed, reason: Unity was launched with the -noUpm command-line argument
[Package Manager] UpmClient::Send -- Unable to send message (not connected to UPM process).
[Package Manager] Cannot connect to Unity Package Manager local server
Mono: successfully reloaded assembly
- Finished resetting the current domain, in  0.719 seconds
Domain Reload Profiling: 1148ms
	BeginReloadAssembly (138ms)
		ExecutionOrderSort (0ms)
		DisableScriptedObjects (4ms)
		BackupInstance (0ms)
		ReleaseScriptingObjects (0ms)
		CreateAndSetChildDomain (29ms)
	RebuildCommonClasses (25ms)
	RebuildNativeTypeToScriptingClass (8ms)
	initialDomainReloadingComplete (25ms)
	LoadAllAssembliesAndSetupDomain (233ms)
		LoadAssemblies (235ms)
		RebuildTransferFunctionScriptingTraits (0ms)
		AnalyzeDomain (70ms)
			TypeCache.Refresh (55ms)
				TypeCache.ScanAssembly (46ms)
			ScanForSourceGeneratedMonoScriptInfo (11ms)
			ResolveRequiredComponents (3ms)
	FinalizeReload (720ms)
		ReleaseScriptCaches (0ms)
		RebuildScriptCaches (0ms)
		SetupLoadedEditorAssemblies (373ms)
			LogAssemblyErrors (0ms)
			InitializePlatformSupportModulesInManaged (19ms)
			SetLoadedEditorAssemblies (3ms)
			RefreshPlugins (0ms)
			BeforeProcessingInitializeOnLoad (59ms)
			ProcessInitializeOnLoadAttributes (270ms)
			ProcessInitializeOnLoadMethodAttributes (16ms)
			AfterProcessingInitializeOnLoad (7ms)
			EditorAssembliesLoaded (0ms)
		ExecutionOrderSort2 (0ms)
		AwakeInstancesAfterBackupRestoration (5ms)
Refreshing native plugins compatible for Editor in 3.30 ms, found 3 plugins.
Preloading 0 native plugins for Editor in 0.00 ms.
Unloading 3564 Unused Serialized files (Serialized files now loaded: 0)
Unloading 15 unused Assets / (29.0 KB). Loaded Objects now: 4041.
Memory consumption went from 126.7 MB to 126.7 MB.
Total: 2.315500 ms (FindLiveObjects: 0.184500 ms CreateObjectMapping: 0.080800 ms MarkObjects: 2.014800 ms  DeleteObjects: 0.033800 ms)

Prepare: number of updated asset objects reloaded= 0
AssetImportParameters requested are different than current active one (requested -> active):
  custom:scripting/monoscript/fileName/IAssemblyResolver.cs: 1a95ac70f197d1bb7ab1e7259143551a -> 
  custom:scripting/monoscript/fileName/FilterHotFixAssemblies.cs: c5472d5411db7ccfb2dd5f118e3f56fd -> 
  custom:scripting/monoscript/fileName/PatchScriptingAssemblyList.cs: e1ddb8b2f20237abb5e4367a8826af66 -> 
  custom:scripting/precompiled-assembly-types:dnlib: e30aba37052b0228d3053f36df0b8405 -> 
  custom:scripting/monoscript/fileName/SettingsPresetReceiver.cs: 96738abe7e32a8416003b0cce7967709 -> 
  custom:container-demuxer-ogg: 62fdf1f143b41e24485cea50d1cbac27 -> 
  custom:scripting/monoscript/fileName/InstallerController.cs: bdd010d92b3ac978ad7356f5c93d8cdb -> 
  custom:scripting/monoscript/fileName/AssemblyResolverBase.cs: 09237d18fceb341ef01bda6121a0ebbe -> 
  custom:scripting/monoscript/fileName/HybridCLRSettings.cs: 3d18276d07bdfc6665bfba0eeb64ae80 -> 
  custom:scripting/monoscript/fileName/TypeCreator.cs: a03bd65d9c8651ddd11e7d565ba1fbf8 -> 
  custom:scripting/monoscript/fileName/AssemblyReferenceDeepCollector.cs: cd26ff0704b14d281d4932ad85dd008b -> 
  custom:video-decoder-ogg-theora: a1e56fd34408186e4bbccfd4996cb3dc -> 
  custom:scripting/monoscript/fileName/TypeInfo.cs: d8f2afe3d27a0b6b2d2cc9c3af8d2d30 -> 
  custom:framework-win-MediaFoundation: 216162199b28c13a410421893ffa2e32 -> 
  custom:scripting/monoscript/fileName/CodePatcher.cs: 07c9803faa602cee9ccf22a2acb16c4d -> 
  custom:scripting/monoscript/fileName/AssemblyCacheBase.cs: 887a421cd73a12b79fcaa05b0effe415 -> 
  custom:scripting/monoscript/fileName/GenericMethod.cs: cfb4132ab84d82fba4ed82ef968ccc64 -> 
  custom:scripting/monoscript/fileName/MethodReferenceAnalyzer.cs: 690497545a22025f47c40c7f86a47a0e -> 
  custom:scripting/precompiled-assembly-types:HybridCLR.Editor: 667a0d3b6ba82d42c3214584a862e796 -> 
  custom:scripting/monoscript/fileName/AOTReferenceGeneratorCommand.cs: 5ed4e6c42d34faf81966e4b67f5d0013 -> 
  custom:scripting/monoscript/fileName/StripAOTDllCommand.cs: a9416e2e5797c419fb3e6c6a5ce40d3f -> 
  custom:scripting/monoscript/fileName/HookPool.cs: 704fa820377efe5ea604e93c52a35883 -> 
  custom:scripting/monoscript/fileName/LinkGeneratorCommand.cs: 5a8385830a21b0d060fc981b449f91d1 -> 
  custom:scripting/monoscript/fileName/GenericClass.cs: d3fb87da7e091b1a8a002bc335394523 -> 
  custom:CustomObjectIndexerAttribute: 9a22284fe3817be447336de3de66b15e -> 
  custom:scripting/monoscript/fileName/CheckSettings.cs: 02461047748c522696a8ae1bbdc5d292 -> 
  custom:scripting/monoscript/fileName/ABIUtil.cs: 1838df29979522aaddd648b32b265ba9 -> 
  custom:scripting/monoscript/fileName/CopyStrippedAOTAssemblies.cs: 3435d24e191f7983293171b9b404fe99 -> 
  custom:container-demuxer-webm: 4f35f7cbe854078d1ac9338744f61a02 -> 
  custom:scripting/monoscript/fileName/MethodDesc.cs: 938c620779a14a2ce73af3422850400e -> 
  custom:scripting/monoscript/fileName/ValueTypeSizeAligmentCalculator.cs: e3959dd8d564b00647b4d41014c97683 -> 
  custom:scripting/monoscript/fileName/ReversePInvokeWrapperGenerationAttribute.cs: 1ed3437c9024f23a4890b1de990ae481 -> 
  custom:scripting/monoscript/fileName/FileRegionReplace.cs: a71f8eeb86ac9acb92319e073b486f3c -> 
  custom:scripting/monoscript/fileName/GetIl2CppFolderHook.cs: d293318f602c8e331c86d206ece4d43c -> 
  custom:container-muxer-webm: aa71ff27fc2769a1b78a27578f13a17b -> 
  custom:video-decoder-webm-vp8: 9c59270c3fd7afecdb556c50c9e8de78 -> 
  custom:scripting/monoscript/fileName/CombinedAssemblyResolver.cs: 3d8e4b0a0da8ed4460abbaea91cd3560 -> 
  custom:scripting/monoscript/fileName/LDasm.cs: 6c4a99bef76182485c5693048bccb0a4 -> 
  custom:SearchIndexIgnoredProperties: e643bd26f0fe6173181afceb89e7c659 -> 
  custom:scripting/monoscript/fileName/HybridCLRSettingProvider.cs: 82001ab4fec12c00ce550817f8921583 -> 
  custom:AudioImporter_EditorPlatform: d09bf68614088b80899f8185d706f6e7 -> 
  custom:scripting/monoscript/fileName/ConstraintContext.cs: 3f4f0c6cce5ba96dc364c445ff8c451a -> 
  custom:scripting/monoscript/fileName/AssemblyCache.cs: e6c496c6f3781e2b3bf4dc7273b4e568 -> 
  custom:scripting/monoscript/fileName/MetaUtil.cs: 530954a23974daf0ea7b9296ca22d4c9 -> 
  custom:scripting/monoscript/fileName/ScriptingAssembliesJsonPatcher.cs: 99a7ec583a0f4f8df7b1dc1bd4edadd4 -> 
  custom:scripting/monoscript/fileName/MenuProvider.cs: 18bb4a330382da6110ff3a5209c48f18 -> 
  custom:scripting/precompiled-assembly-types:HybridCLR.Runtime: 8b4240dc821c93b8a88ebe4ed196b0e5 -> 
  custom:scripting/monoscript/fileName/FixedSetAssemblyResolver.cs: bc66e67d5ce8dcdff74e7a2fd0b2b71c -> 
  custom:scripting/monoscript/fileName/LinkXmlWriter.cs: 549f5aa9e5f4785e3e070c34285e4a03 -> 
  custom:scripting/monoscript/fileName/PathAssemblyResolver.cs: 295cb5f41db847bc8915e1ee5327d7f1 -> 
  custom:scripting/monoscript/fileName/Analyzer.cs: 2a5714546025d350529342766ee6c6d1 -> 
  custom:scripting/monoscript/fileName/Il2CppDefGenerator.cs: 36d2cc5e81c439350245effea8e79c8f -> 
  custom:scripting/monoscript/fileName/MethodHook.cs: f03a4631f3909da348b95baf47806bb8 -> 
  custom:video-encoder-webm-vp8: eb34c28f22e8b96e1ab97ce403110664 -> 
  custom:scripting/monoscript/fileName/MethodBridgeGeneratorCommand.cs: a53190a36168cd9d1325c792e966eca3 -> 
  custom:scripting/monoscript/fileName/ReversePInvokeWrapperGeneratorCommand.cs: 64ab3bc4a3c0db1e6781fc3686ae39d9 -> 
  custom:scripting/monoscript/fileName/ScriptableSignleton.cs: c4661e1f59771c8361b5fcc288859df1 -> 
  custom:scripting/monoscript/fileName/RuntimeApi.cs: 2ab466cdb8feeebb4f3c681a4f491256 -> 
  custom:audio-decoder-ogg-vorbis: bf7c407c2cedff20999df2af8eb42d56 -> 
  custom:scripting/monoscript/fileName/CopyStrippedAOTAssembliesHook.cs: bfe01c70ba7276b33671d1e8244f1576 -> 
  custom:scripting/monoscript/fileName/CompileDllCommand.cs: e055a58b54d2f989256f81925e2f84c0 -> 
  custom:scripting/monoscript/fileName/InstallerWindow.cs: 45aea44f1a98c117a40c8d43972077c2 -> 
  custom:scripting/monoscript/fileName/BashUtil.cs: b5d498f9a3fc9ffb322ca01ca35addf5 -> 
  custom:scripting/monoscript/fileName/PrebuildCommand.cs: 599807ecb8f0750cc8d4de5ef5b7ffca -> 
  custom:scripting/monoscript/fileName/GenericArgumentContext.cs: 61fb05d6236e9274a2b2814e5b7b33b4 -> 
  custom:scripting/monoscript/fileName/SettingsUtil.cs: d79d86966d24120bb6810d135df200a9 -> 
  custom:scripting/monoscript/fileName/Generator.cs: 3f8f74669fe86f867a3abffb5cfd4917 -> 
  custom:scripting/monoscript/fileName/HashUtil.cs: 04004ce177968ea5fdc699f016cb3a12 -> 
  custom:scripting/monoscript/fileName/EditorStatusWatcher.cs: 56f48279c9ec412487bacea2265655c0 -> 
  custom:audio-encoder-webm-vorbis: bf7c407c2cedff20999df2af8eb42d56 -> 
  custom:scripting/monoscript/fileName/ParamInfo.cs: 37b81d8dcded8ad4e83f55451dea1dfa -> 
  custom:scripting/monoscript/fileName/GenericReferenceWriter.cs: a0c03b7a0f6880347de31c5279624bb9 -> 
  custom:scripting/monoscript/fileName/MsvcStdextWorkaround.cs: a6004ecbff5d6126dbb803ec9d7938c5 -> 
  custom:scripting/monoscript/fileName/Il2CppDefGeneratorCommand.cs: ccfe22d39dbcb82a6dd1cbadb7ad1271 -> 
  custom:scripting/monoscript/fileName/HookUtils.cs: 510bff0747bb9dd7e642331a9b2a03e9 -> 
