Using pre-set license
Built from '2022.3/china_unity/release' branch; Version is '2022.3.48f1c1 (076abfb8be7c) revision 486079'; Using compiler version '192829333'; Build Type 'Release'
OS: 'Windows 10  (10.0.19045) 64bit Professional' Language: 'zh' Physical Memory: 32581 MB
BatchMode: 1, IsHumanControllingUs: 0, StartBugReporterOnCrash: 0, Is64bit: 1, IsPro: 1

COMMAND LINE ARGUMENTS:
D:\2022.3.48f1c1\Editor\Unity.exe
-adb2
-batchMode
-noUpm
-name
AssetImportWorker0
-projectPath
D:/RippleMinerTycoon/RippleMinerTycoonGames
-logFile
Logs/AssetImportWorker0.log
-srvPort
61032
Successfully changed project path to: D:/RippleMinerTycoon/RippleMinerTycoonGames
D:/RippleMinerTycoon/RippleMinerTycoonGames
[UnityMemory] Configuration Parameters - Can be set up in boot.config
    "memorysetup-bucket-allocator-granularity=16"
    "memorysetup-bucket-allocator-bucket-count=8"
    "memorysetup-bucket-allocator-block-size=33554432"
    "memorysetup-bucket-allocator-block-count=8"
    "memorysetup-main-allocator-block-size=16777216"
    "memorysetup-thread-allocator-block-size=16777216"
    "memorysetup-gfx-main-allocator-block-size=16777216"
    "memorysetup-gfx-thread-allocator-block-size=16777216"
    "memorysetup-cache-allocator-block-size=4194304"
    "memorysetup-typetree-allocator-block-size=2097152"
    "memorysetup-profiler-bucket-allocator-granularity=16"
    "memorysetup-profiler-bucket-allocator-bucket-count=8"
    "memorysetup-profiler-bucket-allocator-block-size=33554432"
    "memorysetup-profiler-bucket-allocator-block-count=8"
    "memorysetup-profiler-allocator-block-size=16777216"
    "memorysetup-profiler-editor-allocator-block-size=1048576"
    "memorysetup-temp-allocator-size-main=16777216"
    "memorysetup-job-temp-allocator-block-size=2097152"
    "memorysetup-job-temp-allocator-block-size-background=1048576"
    "memorysetup-job-temp-allocator-reduction-small-platforms=262144"
    "memorysetup-allocator-temp-initial-block-size-main=262144"
    "memorysetup-allocator-temp-initial-block-size-worker=262144"
    "memorysetup-temp-allocator-size-background-worker=32768"
    "memorysetup-temp-allocator-size-job-worker=262144"
    "memorysetup-temp-allocator-size-preload-manager=33554432"
    "memorysetup-temp-allocator-size-nav-mesh-worker=65536"
    "memorysetup-temp-allocator-size-audio-worker=65536"
    "memorysetup-temp-allocator-size-cloud-worker=32768"
    "memorysetup-temp-allocator-size-gi-baking-worker=262144"
    "memorysetup-temp-allocator-size-gfx=262144"
Player connection [12600]  Target information:

Player connection [12600]  * "[IP] 192.168.10.114 [Port] 0 [Flags] 2 [Guid] 3028849464 [EditorId] 3028849464 [Version] 1048832 [Id] WindowsEditor(7,PURE-20240705RM) [Debug] 1 [PackageName] WindowsEditor [ProjectName] Editor" 

Player connection [12600] Host joined multi-casting on [225.0.0.222:54997]...
Player connection [12600] Host joined alternative multi-casting on [225.0.0.222:34997]...
[PhysX] Initialized MultithreadedTaskDispatcher with 12 workers.
Refreshing native plugins compatible for Editor in 13.24 ms, found 3 plugins.
Preloading 0 native plugins for Editor in 0.00 ms.
Initialize engine version: 2022.3.48f1c1 (076abfb8be7c)
[Subsystems] Discovering subsystems at path D:/2022.3.48f1c1/Editor/Data/Resources/UnitySubsystems
[Subsystems] Discovering subsystems at path D:/RippleMinerTycoon/RippleMinerTycoonGames/Assets
GfxDevice: creating device client; threaded=0; jobified=0
Direct3D:
    Version:  Direct3D 11.0 [level 11.1]
    Renderer: NVIDIA GeForce GTX 1660 SUPER (ID=0x21c4)
    Vendor:   NVIDIA
    VRAM:     5966 MB
    Driver:   32.0.15.6614
Initialize mono
Mono path[0] = 'D:/2022.3.48f1c1/Editor/Data/Managed'
Mono path[1] = 'D:/2022.3.48f1c1/Editor/Data/MonoBleedingEdge/lib/mono/unityjit-win32'
Mono config path = 'D:/2022.3.48f1c1/Editor/Data/MonoBleedingEdge/etc'
Using monoOptions --debugger-agent=transport=dt_socket,embedding=1,server=y,suspend=n,address=127.0.0.1:56688
Begin MonoManager ReloadAssembly
Registering precompiled unity dll's ...
Register platform support module: D:/2022.3.48f1c1/Editor/Data/PlaybackEngines/WebGLSupport/UnityEditor.WebGL.Extensions.dll
Register platform support module: D:/2022.3.48f1c1/Editor/Data/PlaybackEngines/AndroidPlayer/UnityEditor.Android.Extensions.dll
Register platform support module: D:/2022.3.48f1c1/Editor/Data/PlaybackEngines/WindowsStandaloneSupport/UnityEditor.WindowsStandalone.Extensions.dll
Registered in 0.009481 seconds.
- Loaded All Assemblies, in  0.276 seconds
Native extension for WindowsStandalone target not found
Native extension for Android target not found
Android Extension - Scanning For ADB Devices 162 ms
Native extension for WebGL target not found
Mono: successfully reloaded assembly
- Finished resetting the current domain, in  0.388 seconds
Domain Reload Profiling: 662ms
	BeginReloadAssembly (82ms)
		ExecutionOrderSort (0ms)
		DisableScriptedObjects (0ms)
		BackupInstance (0ms)
		ReleaseScriptingObjects (0ms)
		CreateAndSetChildDomain (1ms)
	RebuildCommonClasses (25ms)
	RebuildNativeTypeToScriptingClass (8ms)
	initialDomainReloadingComplete (48ms)
	LoadAllAssembliesAndSetupDomain (112ms)
		LoadAssemblies (80ms)
		RebuildTransferFunctionScriptingTraits (0ms)
		AnalyzeDomain (110ms)
			TypeCache.Refresh (108ms)
				TypeCache.ScanAssembly (98ms)
			ScanForSourceGeneratedMonoScriptInfo (0ms)
			ResolveRequiredComponents (0ms)
	FinalizeReload (388ms)
		ReleaseScriptCaches (0ms)
		RebuildScriptCaches (0ms)
		SetupLoadedEditorAssemblies (352ms)
			LogAssemblyErrors (0ms)
			InitializePlatformSupportModulesInManaged (226ms)
			SetLoadedEditorAssemblies (3ms)
			RefreshPlugins (0ms)
			BeforeProcessingInitializeOnLoad (2ms)
			ProcessInitializeOnLoadAttributes (87ms)
			ProcessInitializeOnLoadMethodAttributes (34ms)
			AfterProcessingInitializeOnLoad (0ms)
			EditorAssembliesLoaded (0ms)
		ExecutionOrderSort2 (0ms)
		AwakeInstancesAfterBackupRestoration (0ms)
========================================================================
Worker process is ready to serve import requests
Caller must complete domain reload
Begin MonoManager ReloadAssembly
- Loaded All Assemblies, in  0.536 seconds
Native extension for WindowsStandalone target not found
Native extension for Android target not found
Native extension for WebGL target not found
Package Manager log level set to [2]
[Package Manager] Server::EnsureServerProcessIsRunning -- launch failed, reason: Unity was launched with the -noUpm command-line argument
[Package Manager] UpmClient::Send -- Unable to send message (not connected to UPM process).
[Package Manager] Cannot connect to Unity Package Manager local server
Mono: successfully reloaded assembly
- Finished resetting the current domain, in  0.480 seconds
Domain Reload Profiling: 1013ms
	BeginReloadAssembly (127ms)
		ExecutionOrderSort (0ms)
		DisableScriptedObjects (4ms)
		BackupInstance (0ms)
		ReleaseScriptingObjects (0ms)
		CreateAndSetChildDomain (17ms)
	RebuildCommonClasses (26ms)
	RebuildNativeTypeToScriptingClass (9ms)
	initialDomainReloadingComplete (33ms)
	LoadAllAssembliesAndSetupDomain (339ms)
		LoadAssemblies (257ms)
		RebuildTransferFunctionScriptingTraits (0ms)
		AnalyzeDomain (152ms)
			TypeCache.Refresh (133ms)
				TypeCache.ScanAssembly (121ms)
			ScanForSourceGeneratedMonoScriptInfo (11ms)
			ResolveRequiredComponents (5ms)
	FinalizeReload (480ms)
		ReleaseScriptCaches (0ms)
		RebuildScriptCaches (0ms)
		SetupLoadedEditorAssemblies (375ms)
			LogAssemblyErrors (0ms)
			InitializePlatformSupportModulesInManaged (19ms)
			SetLoadedEditorAssemblies (2ms)
			RefreshPlugins (0ms)
			BeforeProcessingInitializeOnLoad (46ms)
			ProcessInitializeOnLoadAttributes (285ms)
			ProcessInitializeOnLoadMethodAttributes (16ms)
			AfterProcessingInitializeOnLoad (6ms)
			EditorAssembliesLoaded (0ms)
		ExecutionOrderSort2 (0ms)
		AwakeInstancesAfterBackupRestoration (5ms)
Launched and connected shader compiler UnityShaderCompiler.exe after 0.03 seconds
Refreshing native plugins compatible for Editor in 6.26 ms, found 3 plugins.
Preloading 0 native plugins for Editor in 0.00 ms.
Unloading 3163 Unused Serialized files (Serialized files now loaded: 0)
Unloading 20 unused Assets / (55.0 KB). Loaded Objects now: 3630.
Memory consumption went from 119.8 MB to 119.7 MB.
Total: 2.203300 ms (FindLiveObjects: 0.175100 ms CreateObjectMapping: 0.071500 ms MarkObjects: 1.881400 ms  DeleteObjects: 0.074500 ms)

AssetImportParameters requested are different than current active one (requested -> active):
  custom:container-demuxer-ogg: 62fdf1f143b41e24485cea50d1cbac27 -> 
  custom:video-decoder-ogg-theora: a1e56fd34408186e4bbccfd4996cb3dc -> 
  custom:framework-win-MediaFoundation: 216162199b28c13a410421893ffa2e32 -> 
  custom:CustomObjectIndexerAttribute: 9a22284fe3817be447336de3de66b15e -> 
  custom:container-demuxer-webm: 4f35f7cbe854078d1ac9338744f61a02 -> 
  custom:container-muxer-webm: aa71ff27fc2769a1b78a27578f13a17b -> 
  custom:video-decoder-webm-vp8: 9c59270c3fd7afecdb556c50c9e8de78 -> 
  custom:SearchIndexIgnoredProperties: e643bd26f0fe6173181afceb89e7c659 -> 
  custom:AudioImporter_EditorPlatform: d09bf68614088b80899f8185d706f6e7 -> 
  custom:video-encoder-webm-vp8: eb34c28f22e8b96e1ab97ce403110664 -> 
  custom:audio-decoder-ogg-vorbis: bf7c407c2cedff20999df2af8eb42d56 -> 
  custom:audio-encoder-webm-vorbis: bf7c407c2cedff20999df2af8eb42d56 -> 
========================================================================
Received Prepare
Caller must complete domain reload
Begin MonoManager ReloadAssembly
- Loaded All Assemblies, in  0.366 seconds
Native extension for WindowsStandalone target not found
Native extension for Android target not found
Native extension for WebGL target not found
[Package Manager] Server::EnsureServerProcessIsRunning -- launch failed, reason: Unity was launched with the -noUpm command-line argument
[Package Manager] UpmClient::Send -- Unable to send message (not connected to UPM process).
[Package Manager] Cannot connect to Unity Package Manager local server
Mono: successfully reloaded assembly
- Finished resetting the current domain, in  0.767 seconds
Domain Reload Profiling: 1130ms
	BeginReloadAssembly (129ms)
		ExecutionOrderSort (0ms)
		DisableScriptedObjects (3ms)
		BackupInstance (0ms)
		ReleaseScriptingObjects (0ms)
		CreateAndSetChildDomain (26ms)
	RebuildCommonClasses (23ms)
	RebuildNativeTypeToScriptingClass (12ms)
	initialDomainReloadingComplete (24ms)
	LoadAllAssembliesAndSetupDomain (175ms)
		LoadAssemblies (238ms)
		RebuildTransferFunctionScriptingTraits (0ms)
		AnalyzeDomain (10ms)
			TypeCache.Refresh (5ms)
				TypeCache.ScanAssembly (0ms)
			ScanForSourceGeneratedMonoScriptInfo (0ms)
			ResolveRequiredComponents (4ms)
	FinalizeReload (767ms)
		ReleaseScriptCaches (0ms)
		RebuildScriptCaches (0ms)
		SetupLoadedEditorAssemblies (386ms)
			LogAssemblyErrors (0ms)
			InitializePlatformSupportModulesInManaged (20ms)
			SetLoadedEditorAssemblies (2ms)
			RefreshPlugins (0ms)
			BeforeProcessingInitializeOnLoad (49ms)
			ProcessInitializeOnLoadAttributes (289ms)
			ProcessInitializeOnLoadMethodAttributes (18ms)
			AfterProcessingInitializeOnLoad (6ms)
			EditorAssembliesLoaded (0ms)
		ExecutionOrderSort2 (0ms)
		AwakeInstancesAfterBackupRestoration (5ms)
Refreshing native plugins compatible for Editor in 3.97 ms, found 3 plugins.
Preloading 0 native plugins for Editor in 0.00 ms.
Unloading 3156 Unused Serialized files (Serialized files now loaded: 0)
Unloading 15 unused Assets / (29.0 KB). Loaded Objects now: 3633.
Memory consumption went from 118.9 MB to 118.9 MB.
Total: 2.092100 ms (FindLiveObjects: 0.175900 ms CreateObjectMapping: 0.068800 ms MarkObjects: 1.810000 ms  DeleteObjects: 0.036600 ms)

Prepare: number of updated asset objects reloaded= 0
AssetImportParameters requested are different than current active one (requested -> active):
  custom:container-demuxer-ogg: 62fdf1f143b41e24485cea50d1cbac27 -> 
  custom:video-decoder-ogg-theora: a1e56fd34408186e4bbccfd4996cb3dc -> 
  custom:framework-win-MediaFoundation: 216162199b28c13a410421893ffa2e32 -> 
  custom:CustomObjectIndexerAttribute: 9a22284fe3817be447336de3de66b15e -> 
  custom:container-demuxer-webm: 4f35f7cbe854078d1ac9338744f61a02 -> 
  custom:container-muxer-webm: aa71ff27fc2769a1b78a27578f13a17b -> 
  custom:video-decoder-webm-vp8: 9c59270c3fd7afecdb556c50c9e8de78 -> 
  custom:SearchIndexIgnoredProperties: e643bd26f0fe6173181afceb89e7c659 -> 
  custom:AudioImporter_EditorPlatform: d09bf68614088b80899f8185d706f6e7 -> 
  custom:video-encoder-webm-vp8: eb34c28f22e8b96e1ab97ce403110664 -> 
  custom:audio-decoder-ogg-vorbis: bf7c407c2cedff20999df2af8eb42d56 -> 
  custom:audio-encoder-webm-vorbis: bf7c407c2cedff20999df2af8eb42d56 -> 
========================================================================
Received Import Request.
  Time since last request: 21729.647958 seconds.
  path: Assets/CFGame.asmdef
  artifactKey: Guid(e190c9e2b253f9b449896ca31a13fee4) Importer(815301076,1909f56bfc062723c751e8b465ee728b)
Start importing Assets/CFGame.asmdef using Guid(e190c9e2b253f9b449896ca31a13fee4) Importer(815301076,1909f56bfc062723c751e8b465ee728b) [PhysX] Initialized MultithreadedTaskDispatcher with 12 workers.
 -> (artifact id: '42949ef56e79c168faa5cd128c301dd1') in 0.002389 seconds
Number of updated asset objects reloaded before import = 0
Number of asset objects unloaded after import = 0
========================================================================
Received Import Request.
  Time since last request: 0.328799 seconds.
  path: Assets/New Folder
  artifactKey: Guid(8ee192a608d68b94396971da5dd4c997) Importer(815301076,1909f56bfc062723c751e8b465ee728b)
Start importing Assets/New Folder using Guid(8ee192a608d68b94396971da5dd4c997) Importer(815301076,1909f56bfc062723c751e8b465ee728b) [PhysX] Initialized MultithreadedTaskDispatcher with 12 workers.
 -> (artifact id: '7e5b7dbcc3fca90f1d75e365030e6ece') in 0.000593 seconds
Number of updated asset objects reloaded before import = 0
Number of asset objects unloaded after import = 0
========================================================================
Received Prepare
Assembly with name 'CFGame' already exists (Assets/CFGame.asmdef)
Assembly with name 'CFGame' already exists (Assets/New Folder/CFGame.asmdef)
Caller must complete domain reload
Assembly with name 'CFGame' already exists (Assets/CFGame.asmdef)
Assembly with name 'CFGame' already exists (Assets/New Folder/CFGame.asmdef)
Begin MonoManager ReloadAssembly
- Loaded All Assemblies, in  0.357 seconds
Native extension for WindowsStandalone target not found
Native extension for Android target not found
Native extension for WebGL target not found
Assembly with name 'CFGame' already exists (Assets/CFGame.asmdef)
Assembly with name 'CFGame' already exists (Assets/New Folder/CFGame.asmdef)
[Package Manager] Server::EnsureServerProcessIsRunning -- launch failed, reason: Unity was launched with the -noUpm command-line argument
[Package Manager] UpmClient::Send -- Unable to send message (not connected to UPM process).
[Package Manager] Cannot connect to Unity Package Manager local server
Mono: successfully reloaded assembly
- Finished resetting the current domain, in  0.746 seconds
Domain Reload Profiling: 1099ms
	BeginReloadAssembly (125ms)
		ExecutionOrderSort (0ms)
		DisableScriptedObjects (3ms)
		BackupInstance (0ms)
		ReleaseScriptingObjects (0ms)
		CreateAndSetChildDomain (22ms)
	RebuildCommonClasses (24ms)
	RebuildNativeTypeToScriptingClass (8ms)
	initialDomainReloadingComplete (24ms)
	LoadAllAssembliesAndSetupDomain (172ms)
		LoadAssemblies (235ms)
		RebuildTransferFunctionScriptingTraits (0ms)
		AnalyzeDomain (10ms)
			TypeCache.Refresh (5ms)
				TypeCache.ScanAssembly (0ms)
			ScanForSourceGeneratedMonoScriptInfo (0ms)
			ResolveRequiredComponents (4ms)
	FinalizeReload (746ms)
		ReleaseScriptCaches (0ms)
		RebuildScriptCaches (0ms)
		SetupLoadedEditorAssemblies (363ms)
			LogAssemblyErrors (0ms)
			InitializePlatformSupportModulesInManaged (22ms)
			SetLoadedEditorAssemblies (3ms)
			RefreshPlugins (0ms)
			BeforeProcessingInitializeOnLoad (67ms)
			ProcessInitializeOnLoadAttributes (249ms)
			ProcessInitializeOnLoadMethodAttributes (16ms)
			AfterProcessingInitializeOnLoad (6ms)
			EditorAssembliesLoaded (0ms)
		ExecutionOrderSort2 (0ms)
		AwakeInstancesAfterBackupRestoration (5ms)
Refreshing native plugins compatible for Editor in 3.78 ms, found 3 plugins.
Preloading 0 native plugins for Editor in 0.00 ms.
Unloading 3155 Unused Serialized files (Serialized files now loaded: 0)
Unloading 15 unused Assets / (29.0 KB). Loaded Objects now: 3636.
Memory consumption went from 118.7 MB to 118.7 MB.
Total: 2.140700 ms (FindLiveObjects: 0.166700 ms CreateObjectMapping: 0.069200 ms MarkObjects: 1.870300 ms  DeleteObjects: 0.033800 ms)

Prepare: number of updated asset objects reloaded= 0
AssetImportParameters requested are different than current active one (requested -> active):
  custom:container-demuxer-ogg: 62fdf1f143b41e24485cea50d1cbac27 -> 
  custom:video-decoder-ogg-theora: a1e56fd34408186e4bbccfd4996cb3dc -> 
  custom:framework-win-MediaFoundation: 216162199b28c13a410421893ffa2e32 -> 
  custom:CustomObjectIndexerAttribute: 9a22284fe3817be447336de3de66b15e -> 
  custom:container-demuxer-webm: 4f35f7cbe854078d1ac9338744f61a02 -> 
  custom:container-muxer-webm: aa71ff27fc2769a1b78a27578f13a17b -> 
  custom:video-decoder-webm-vp8: 9c59270c3fd7afecdb556c50c9e8de78 -> 
  custom:SearchIndexIgnoredProperties: e643bd26f0fe6173181afceb89e7c659 -> 
  custom:AudioImporter_EditorPlatform: d09bf68614088b80899f8185d706f6e7 -> 
  custom:video-encoder-webm-vp8: eb34c28f22e8b96e1ab97ce403110664 -> 
  custom:audio-decoder-ogg-vorbis: bf7c407c2cedff20999df2af8eb42d56 -> 
  custom:audio-encoder-webm-vorbis: bf7c407c2cedff20999df2af8eb42d56 -> 
========================================================================
Received Import Request.
  Time since last request: 11.282779 seconds.
  path: Assets/New Folder 1
  artifactKey: Guid(9a6b6ef41364aaa4991f98444df1c363) Importer(815301076,1909f56bfc062723c751e8b465ee728b)
Start importing Assets/New Folder 1 using Guid(9a6b6ef41364aaa4991f98444df1c363) Importer(815301076,1909f56bfc062723c751e8b465ee728b) [PhysX] Initialized MultithreadedTaskDispatcher with 12 workers.
 -> (artifact id: '9f41d667e1b3155148acacede7847978') in 0.001571 seconds
Number of updated asset objects reloaded before import = 0
Number of asset objects unloaded after import = 0
========================================================================
Received Prepare
Assembly with name 'CFGame' already exists (Assets/CFGame.asmdef)
Assembly with name 'CFGame' already exists (Assets/New Folder/CFGame.asmdef)
Caller must complete domain reload
Assembly with name 'CFGame' already exists (Assets/CFGame.asmdef)
Assembly with name 'CFGame' already exists (Assets/New Folder/CFGame.asmdef)
Begin MonoManager ReloadAssembly
- Loaded All Assemblies, in  0.354 seconds
Native extension for WindowsStandalone target not found
Native extension for Android target not found
Native extension for WebGL target not found
Assembly with name 'CFGame' already exists (Assets/CFGame.asmdef)
Assembly with name 'CFGame' already exists (Assets/New Folder/CFGame.asmdef)
[Package Manager] Server::EnsureServerProcessIsRunning -- launch failed, reason: Unity was launched with the -noUpm command-line argument
[Package Manager] UpmClient::Send -- Unable to send message (not connected to UPM process).
[Package Manager] Cannot connect to Unity Package Manager local server
Mono: successfully reloaded assembly
- Finished resetting the current domain, in  0.714 seconds
Domain Reload Profiling: 1065ms
	BeginReloadAssembly (121ms)
		ExecutionOrderSort (0ms)
		DisableScriptedObjects (3ms)
		BackupInstance (0ms)
		ReleaseScriptingObjects (0ms)
		CreateAndSetChildDomain (27ms)
	RebuildCommonClasses (23ms)
	RebuildNativeTypeToScriptingClass (13ms)
	initialDomainReloadingComplete (28ms)
	LoadAllAssembliesAndSetupDomain (164ms)
		LoadAssemblies (217ms)
		RebuildTransferFunctionScriptingTraits (0ms)
		AnalyzeDomain (10ms)
			TypeCache.Refresh (5ms)
				TypeCache.ScanAssembly (0ms)
			ScanForSourceGeneratedMonoScriptInfo (0ms)
			ResolveRequiredComponents (4ms)
	FinalizeReload (715ms)
		ReleaseScriptCaches (0ms)
		RebuildScriptCaches (0ms)
		SetupLoadedEditorAssemblies (368ms)
			LogAssemblyErrors (0ms)
			InitializePlatformSupportModulesInManaged (19ms)
			SetLoadedEditorAssemblies (3ms)
			RefreshPlugins (0ms)
			BeforeProcessingInitializeOnLoad (72ms)
			ProcessInitializeOnLoadAttributes (253ms)
			ProcessInitializeOnLoadMethodAttributes (15ms)
			AfterProcessingInitializeOnLoad (6ms)
			EditorAssembliesLoaded (0ms)
		ExecutionOrderSort2 (0ms)
		AwakeInstancesAfterBackupRestoration (5ms)
Refreshing native plugins compatible for Editor in 3.89 ms, found 3 plugins.
Preloading 0 native plugins for Editor in 0.00 ms.
Unloading 3155 Unused Serialized files (Serialized files now loaded: 0)
Unloading 15 unused Assets / (29.0 KB). Loaded Objects now: 3639.
Memory consumption went from 118.7 MB to 118.7 MB.
Total: 2.179000 ms (FindLiveObjects: 0.165800 ms CreateObjectMapping: 0.069100 ms MarkObjects: 1.910800 ms  DeleteObjects: 0.032100 ms)

Prepare: number of updated asset objects reloaded= 0
AssetImportParameters requested are different than current active one (requested -> active):
  custom:container-demuxer-ogg: 62fdf1f143b41e24485cea50d1cbac27 -> 
  custom:video-decoder-ogg-theora: a1e56fd34408186e4bbccfd4996cb3dc -> 
  custom:framework-win-MediaFoundation: 216162199b28c13a410421893ffa2e32 -> 
  custom:CustomObjectIndexerAttribute: 9a22284fe3817be447336de3de66b15e -> 
  custom:container-demuxer-webm: 4f35f7cbe854078d1ac9338744f61a02 -> 
  custom:container-muxer-webm: aa71ff27fc2769a1b78a27578f13a17b -> 
  custom:video-decoder-webm-vp8: 9c59270c3fd7afecdb556c50c9e8de78 -> 
  custom:SearchIndexIgnoredProperties: e643bd26f0fe6173181afceb89e7c659 -> 
  custom:AudioImporter_EditorPlatform: d09bf68614088b80899f8185d706f6e7 -> 
  custom:video-encoder-webm-vp8: eb34c28f22e8b96e1ab97ce403110664 -> 
  custom:audio-decoder-ogg-vorbis: bf7c407c2cedff20999df2af8eb42d56 -> 
  custom:audio-encoder-webm-vorbis: bf7c407c2cedff20999df2af8eb42d56 -> 
========================================================================
Received Import Request.
  Time since last request: 14.557567 seconds.
  path: Assets/CFGame
  artifactKey: Guid(8ee192a608d68b94396971da5dd4c997) Importer(815301076,1909f56bfc062723c751e8b465ee728b)
Start importing Assets/CFGame using Guid(8ee192a608d68b94396971da5dd4c997) Importer(815301076,1909f56bfc062723c751e8b465ee728b) [PhysX] Initialized MultithreadedTaskDispatcher with 12 workers.
 -> (artifact id: '503e90250e8e73fde4868963a9ce73d1') in 0.001538 seconds
Number of updated asset objects reloaded before import = 0
Number of asset objects unloaded after import = 0
========================================================================
Received Prepare
Assembly with name 'CFGame' already exists (Assets/CFGame/CFGame.asmdef)
Assembly with name 'CFGame' already exists (Assets/New Folder/CFGame.asmdef)
Assembly with name 'CFGame' already exists (Assets/CFGame.asmdef)
Assembly with name 'CFGame' already exists (Assets/New Folder/CFGame.asmdef)
Caller must complete domain reload
Assembly with name 'CFGame' already exists (Assets/CFGame/CFGame.asmdef)
Assembly with name 'CFGame' already exists (Assets/New Folder/CFGame.asmdef)
Assembly with name 'CFGame' already exists (Assets/CFGame.asmdef)
Assembly with name 'CFGame' already exists (Assets/New Folder/CFGame.asmdef)
Begin MonoManager ReloadAssembly
- Loaded All Assemblies, in  0.353 seconds
Native extension for WindowsStandalone target not found
Native extension for Android target not found
Native extension for WebGL target not found
Assembly with name 'CFGame' already exists (Assets/CFGame/CFGame.asmdef)
Assembly with name 'CFGame' already exists (Assets/New Folder/CFGame.asmdef)
Assembly with name 'CFGame' already exists (Assets/CFGame.asmdef)
Assembly with name 'CFGame' already exists (Assets/New Folder/CFGame.asmdef)
[Package Manager] Server::EnsureServerProcessIsRunning -- launch failed, reason: Unity was launched with the -noUpm command-line argument
[Package Manager] UpmClient::Send -- Unable to send message (not connected to UPM process).
[Package Manager] Cannot connect to Unity Package Manager local server
Mono: successfully reloaded assembly
- Finished resetting the current domain, in  0.714 seconds
Domain Reload Profiling: 1064ms
	BeginReloadAssembly (119ms)
		ExecutionOrderSort (0ms)
		DisableScriptedObjects (3ms)
		BackupInstance (0ms)
		ReleaseScriptingObjects (0ms)
		CreateAndSetChildDomain (25ms)
	RebuildCommonClasses (26ms)
	RebuildNativeTypeToScriptingClass (8ms)
	initialDomainReloadingComplete (31ms)
	LoadAllAssembliesAndSetupDomain (165ms)
		LoadAssemblies (217ms)
		RebuildTransferFunctionScriptingTraits (0ms)
		AnalyzeDomain (10ms)
			TypeCache.Refresh (5ms)
				TypeCache.ScanAssembly (0ms)
			ScanForSourceGeneratedMonoScriptInfo (0ms)
			ResolveRequiredComponents (4ms)
	FinalizeReload (715ms)
		ReleaseScriptCaches (0ms)
		RebuildScriptCaches (0ms)
		SetupLoadedEditorAssemblies (366ms)
			LogAssemblyErrors (0ms)
			InitializePlatformSupportModulesInManaged (19ms)
			SetLoadedEditorAssemblies (3ms)
			RefreshPlugins (0ms)
			BeforeProcessingInitializeOnLoad (78ms)
			ProcessInitializeOnLoadAttributes (244ms)
			ProcessInitializeOnLoadMethodAttributes (16ms)
			AfterProcessingInitializeOnLoad (6ms)
			EditorAssembliesLoaded (0ms)
		ExecutionOrderSort2 (0ms)
		AwakeInstancesAfterBackupRestoration (5ms)
Refreshing native plugins compatible for Editor in 3.64 ms, found 3 plugins.
Preloading 0 native plugins for Editor in 0.00 ms.
Unloading 3155 Unused Serialized files (Serialized files now loaded: 0)
Unloading 15 unused Assets / (29.0 KB). Loaded Objects now: 3642.
Memory consumption went from 118.7 MB to 118.7 MB.
Total: 2.058300 ms (FindLiveObjects: 0.161100 ms CreateObjectMapping: 0.071700 ms MarkObjects: 1.791600 ms  DeleteObjects: 0.033200 ms)

Prepare: number of updated asset objects reloaded= 0
AssetImportParameters requested are different than current active one (requested -> active):
  custom:container-demuxer-ogg: 62fdf1f143b41e24485cea50d1cbac27 -> 
  custom:video-decoder-ogg-theora: a1e56fd34408186e4bbccfd4996cb3dc -> 
  custom:framework-win-MediaFoundation: 216162199b28c13a410421893ffa2e32 -> 
  custom:CustomObjectIndexerAttribute: 9a22284fe3817be447336de3de66b15e -> 
  custom:container-demuxer-webm: 4f35f7cbe854078d1ac9338744f61a02 -> 
  custom:container-muxer-webm: aa71ff27fc2769a1b78a27578f13a17b -> 
  custom:video-decoder-webm-vp8: 9c59270c3fd7afecdb556c50c9e8de78 -> 
  custom:SearchIndexIgnoredProperties: e643bd26f0fe6173181afceb89e7c659 -> 
  custom:AudioImporter_EditorPlatform: d09bf68614088b80899f8185d706f6e7 -> 
  custom:video-encoder-webm-vp8: eb34c28f22e8b96e1ab97ce403110664 -> 
  custom:audio-decoder-ogg-vorbis: bf7c407c2cedff20999df2af8eb42d56 -> 
  custom:audio-encoder-webm-vorbis: bf7c407c2cedff20999df2af8eb42d56 -> 
========================================================================
Received Import Request.
  Time since last request: 33.122329 seconds.
  path: Assets/CFGame/CFGame.cs
  artifactKey: Guid(0a576467a6c2e904eafd986a8c6fd1fa) Importer(815301076,1909f56bfc062723c751e8b465ee728b)
Start importing Assets/CFGame/CFGame.cs using Guid(0a576467a6c2e904eafd986a8c6fd1fa) Importer(815301076,1909f56bfc062723c751e8b465ee728b) [PhysX] Initialized MultithreadedTaskDispatcher with 12 workers.
 -> (artifact id: 'a36e24efa432d42135d45c66c9f5f806') in 0.001539 seconds
Number of updated asset objects reloaded before import = 0
Number of asset objects unloaded after import = 0
========================================================================
Received Prepare
Assembly with name 'CFGame' already exists (Assets/CFGame/CFGame.asmdef)
Assembly with name 'CFGame' already exists (Assets/New Folder/CFGame.asmdef)
Assembly with name 'CFGame' already exists (Assets/CFGame.asmdef)
Assembly with name 'CFGame' already exists (Assets/New Folder/CFGame.asmdef)
Caller must complete domain reload
Assembly with name 'CFGame' already exists (Assets/CFGame/CFGame.asmdef)
Assembly with name 'CFGame' already exists (Assets/New Folder/CFGame.asmdef)
Assembly with name 'CFGame' already exists (Assets/CFGame.asmdef)
Assembly with name 'CFGame' already exists (Assets/New Folder/CFGame.asmdef)
Begin MonoManager ReloadAssembly
- Loaded All Assemblies, in  0.361 seconds
Native extension for WindowsStandalone target not found
Native extension for Android target not found
Native extension for WebGL target not found
Assembly with name 'CFGame' already exists (Assets/CFGame/CFGame.asmdef)
Assembly with name 'CFGame' already exists (Assets/New Folder/CFGame.asmdef)
Assembly with name 'CFGame' already exists (Assets/CFGame.asmdef)
Assembly with name 'CFGame' already exists (Assets/New Folder/CFGame.asmdef)
[Package Manager] Server::EnsureServerProcessIsRunning -- launch failed, reason: Unity was launched with the -noUpm command-line argument
[Package Manager] UpmClient::Send -- Unable to send message (not connected to UPM process).
[Package Manager] Cannot connect to Unity Package Manager local server
Mono: successfully reloaded assembly
- Finished resetting the current domain, in  0.737 seconds
Domain Reload Profiling: 1094ms
	BeginReloadAssembly (118ms)
		ExecutionOrderSort (0ms)
		DisableScriptedObjects (3ms)
		BackupInstance (0ms)
		ReleaseScriptingObjects (0ms)
		CreateAndSetChildDomain (23ms)
	RebuildCommonClasses (25ms)
	RebuildNativeTypeToScriptingClass (11ms)
	initialDomainReloadingComplete (32ms)
	LoadAllAssembliesAndSetupDomain (171ms)
		LoadAssemblies (219ms)
		RebuildTransferFunctionScriptingTraits (0ms)
		AnalyzeDomain (17ms)
			TypeCache.Refresh (7ms)
				TypeCache.ScanAssembly (0ms)
			ScanForSourceGeneratedMonoScriptInfo (5ms)
			ResolveRequiredComponents (4ms)
	FinalizeReload (737ms)
		ReleaseScriptCaches (0ms)
		RebuildScriptCaches (0ms)
		SetupLoadedEditorAssemblies (385ms)
			LogAssemblyErrors (0ms)
			InitializePlatformSupportModulesInManaged (16ms)
			SetLoadedEditorAssemblies (2ms)
			RefreshPlugins (0ms)
			BeforeProcessingInitializeOnLoad (71ms)
			ProcessInitializeOnLoadAttributes (272ms)
			ProcessInitializeOnLoadMethodAttributes (17ms)
			AfterProcessingInitializeOnLoad (7ms)
			EditorAssembliesLoaded (0ms)
		ExecutionOrderSort2 (0ms)
		AwakeInstancesAfterBackupRestoration (7ms)
Refreshing native plugins compatible for Editor in 3.62 ms, found 3 plugins.
Preloading 0 native plugins for Editor in 0.00 ms.
Unloading 3156 Unused Serialized files (Serialized files now loaded: 0)
Unloading 15 unused Assets / (29.0 KB). Loaded Objects now: 3646.
Memory consumption went from 118.7 MB to 118.7 MB.
Total: 2.116200 ms (FindLiveObjects: 0.169300 ms CreateObjectMapping: 0.074700 ms MarkObjects: 1.835300 ms  DeleteObjects: 0.035900 ms)

Prepare: number of updated asset objects reloaded= 0
AssetImportParameters requested are different than current active one (requested -> active):
  custom:scripting/precompiled-assembly-types:CFGame: 1d40d9f2eb07d4adbe7b91ea4efd3a3d -> 
  custom:container-demuxer-ogg: 62fdf1f143b41e24485cea50d1cbac27 -> 
  custom:scripting/monoscript/fileName/CFGame.cs: 589b1493587e7cc4241c8066479bdce3 -> 
  custom:video-decoder-ogg-theora: a1e56fd34408186e4bbccfd4996cb3dc -> 
  custom:framework-win-MediaFoundation: 216162199b28c13a410421893ffa2e32 -> 
  custom:CustomObjectIndexerAttribute: 9a22284fe3817be447336de3de66b15e -> 
  custom:container-demuxer-webm: 4f35f7cbe854078d1ac9338744f61a02 -> 
  custom:container-muxer-webm: aa71ff27fc2769a1b78a27578f13a17b -> 
  custom:video-decoder-webm-vp8: 9c59270c3fd7afecdb556c50c9e8de78 -> 
  custom:SearchIndexIgnoredProperties: e643bd26f0fe6173181afceb89e7c659 -> 
  custom:AudioImporter_EditorPlatform: d09bf68614088b80899f8185d706f6e7 -> 
  custom:video-encoder-webm-vp8: eb34c28f22e8b96e1ab97ce403110664 -> 
  custom:audio-decoder-ogg-vorbis: bf7c407c2cedff20999df2af8eb42d56 -> 
  custom:audio-encoder-webm-vorbis: bf7c407c2cedff20999df2af8eb42d56 -> 
========================================================================
Received Import Request.
  Time since last request: 4.274702 seconds.
  path: Assets/CFGame/CFGame.cs
  artifactKey: Guid(0a576467a6c2e904eafd986a8c6fd1fa) Importer(815301076,1909f56bfc062723c751e8b465ee728b)
Start importing Assets/CFGame/CFGame.cs using Guid(0a576467a6c2e904eafd986a8c6fd1fa) Importer(815301076,1909f56bfc062723c751e8b465ee728b) [PhysX] Initialized MultithreadedTaskDispatcher with 12 workers.
 -> (artifact id: '5ad5f3bce5372fbdca45e7e8ed48492e') in 0.001589 seconds
Number of updated asset objects reloaded before import = 0
Number of asset objects unloaded after import = 0
========================================================================
Received Prepare
Assembly with name 'CFGame' already exists (Assets/CFGame/CFGame.asmdef)
Assembly with name 'CFGame' already exists (Assets/New Folder/CFGame.asmdef)
Assembly with name 'CFGame' already exists (Assets/CFGame.asmdef)
Assembly with name 'CFGame' already exists (Assets/New Folder/CFGame.asmdef)
Caller must complete domain reload
Assembly with name 'CFGame' already exists (Assets/CFGame/CFGame.asmdef)
Assembly with name 'CFGame' already exists (Assets/New Folder/CFGame.asmdef)
Assembly with name 'CFGame' already exists (Assets/CFGame.asmdef)
Assembly with name 'CFGame' already exists (Assets/New Folder/CFGame.asmdef)
Begin MonoManager ReloadAssembly
- Loaded All Assemblies, in  0.364 seconds
Native extension for WindowsStandalone target not found
Native extension for Android target not found
Native extension for WebGL target not found
Assembly with name 'CFGame' already exists (Assets/CFGame/CFGame.asmdef)
Assembly with name 'CFGame' already exists (Assets/New Folder/CFGame.asmdef)
Assembly with name 'CFGame' already exists (Assets/CFGame.asmdef)
Assembly with name 'CFGame' already exists (Assets/New Folder/CFGame.asmdef)
[Package Manager] Server::EnsureServerProcessIsRunning -- launch failed, reason: Unity was launched with the -noUpm command-line argument
[Package Manager] UpmClient::Send -- Unable to send message (not connected to UPM process).
[Package Manager] Cannot connect to Unity Package Manager local server
Mono: successfully reloaded assembly
- Finished resetting the current domain, in  0.718 seconds
Domain Reload Profiling: 1078ms
	BeginReloadAssembly (122ms)
		ExecutionOrderSort (0ms)
		DisableScriptedObjects (3ms)
		BackupInstance (0ms)
		ReleaseScriptingObjects (0ms)
		CreateAndSetChildDomain (25ms)
	RebuildCommonClasses (24ms)
	RebuildNativeTypeToScriptingClass (8ms)
	initialDomainReloadingComplete (25ms)
	LoadAllAssembliesAndSetupDomain (181ms)
		LoadAssemblies (231ms)
		RebuildTransferFunctionScriptingTraits (0ms)
		AnalyzeDomain (16ms)
			TypeCache.Refresh (7ms)
				TypeCache.ScanAssembly (0ms)
			ScanForSourceGeneratedMonoScriptInfo (5ms)
			ResolveRequiredComponents (4ms)
	FinalizeReload (718ms)
		ReleaseScriptCaches (0ms)
		RebuildScriptCaches (0ms)
		SetupLoadedEditorAssemblies (370ms)
			LogAssemblyErrors (0ms)
			InitializePlatformSupportModulesInManaged (20ms)
			SetLoadedEditorAssemblies (3ms)
			RefreshPlugins (0ms)
			BeforeProcessingInitializeOnLoad (67ms)
			ProcessInitializeOnLoadAttributes (259ms)
			ProcessInitializeOnLoadMethodAttributes (15ms)
			AfterProcessingInitializeOnLoad (7ms)
			EditorAssembliesLoaded (0ms)
		ExecutionOrderSort2 (0ms)
		AwakeInstancesAfterBackupRestoration (5ms)
Refreshing native plugins compatible for Editor in 4.85 ms, found 3 plugins.
Preloading 0 native plugins for Editor in 0.00 ms.
Unloading 3156 Unused Serialized files (Serialized files now loaded: 0)
Unloading 15 unused Assets / (29.0 KB). Loaded Objects now: 3649.
Memory consumption went from 118.7 MB to 118.7 MB.
Total: 2.052500 ms (FindLiveObjects: 0.165600 ms CreateObjectMapping: 0.062500 ms MarkObjects: 1.791400 ms  DeleteObjects: 0.032300 ms)

Prepare: number of updated asset objects reloaded= 0
AssetImportParameters requested are different than current active one (requested -> active):
  custom:container-demuxer-ogg: 62fdf1f143b41e24485cea50d1cbac27 -> 
  custom:scripting/monoscript/fileName/CFGame.cs: 890bad9bac88e47ea69eee7fb83cc1d0 -> 
  custom:video-decoder-ogg-theora: a1e56fd34408186e4bbccfd4996cb3dc -> 
  custom:framework-win-MediaFoundation: 216162199b28c13a410421893ffa2e32 -> 
  custom:CustomObjectIndexerAttribute: 9a22284fe3817be447336de3de66b15e -> 
  custom:container-demuxer-webm: 4f35f7cbe854078d1ac9338744f61a02 -> 
  custom:container-muxer-webm: aa71ff27fc2769a1b78a27578f13a17b -> 
  custom:video-decoder-webm-vp8: 9c59270c3fd7afecdb556c50c9e8de78 -> 
  custom:SearchIndexIgnoredProperties: e643bd26f0fe6173181afceb89e7c659 -> 
  custom:AudioImporter_EditorPlatform: d09bf68614088b80899f8185d706f6e7 -> 
  custom:video-encoder-webm-vp8: eb34c28f22e8b96e1ab97ce403110664 -> 
  custom:audio-decoder-ogg-vorbis: bf7c407c2cedff20999df2af8eb42d56 -> 
  custom:audio-encoder-webm-vorbis: bf7c407c2cedff20999df2af8eb42d56 -> 
  custom:scripting/precompiled-assembly-types:Assembly-CSharp: 1d40d9f2eb07d4adbe7b91ea4efd3a3d -> 
========================================================================
Received Prepare
Assembly with name 'CFGame' already exists (Assets/CFGame/CFGame.asmdef)
Assembly with name 'CFGame' already exists (Assets/New Folder/CFGame.asmdef)
Assembly with name 'CFGame' already exists (Assets/CFGame.asmdef)
Assembly with name 'CFGame' already exists (Assets/New Folder/CFGame.asmdef)
Caller must complete domain reload
Assembly with name 'CFGame' already exists (Assets/CFGame/CFGame.asmdef)
Assembly with name 'CFGame' already exists (Assets/New Folder/CFGame.asmdef)
Assembly with name 'CFGame' already exists (Assets/CFGame.asmdef)
Assembly with name 'CFGame' already exists (Assets/New Folder/CFGame.asmdef)
Begin MonoManager ReloadAssembly
- Loaded All Assemblies, in  0.372 seconds
Native extension for WindowsStandalone target not found
Native extension for Android target not found
Native extension for WebGL target not found
Assembly with name 'CFGame' already exists (Assets/CFGame/CFGame.asmdef)
Assembly with name 'CFGame' already exists (Assets/New Folder/CFGame.asmdef)
Assembly with name 'CFGame' already exists (Assets/CFGame.asmdef)
Assembly with name 'CFGame' already exists (Assets/New Folder/CFGame.asmdef)
[Package Manager] Server::EnsureServerProcessIsRunning -- launch failed, reason: Unity was launched with the -noUpm command-line argument
[Package Manager] UpmClient::Send -- Unable to send message (not connected to UPM process).
[Package Manager] Cannot connect to Unity Package Manager local server
Mono: successfully reloaded assembly
- Finished resetting the current domain, in  0.720 seconds
Domain Reload Profiling: 1088ms
	BeginReloadAssembly (131ms)
		ExecutionOrderSort (0ms)
		DisableScriptedObjects (4ms)
		BackupInstance (0ms)
		ReleaseScriptingObjects (0ms)
		CreateAndSetChildDomain (26ms)
	RebuildCommonClasses (24ms)
	RebuildNativeTypeToScriptingClass (10ms)
	initialDomainReloadingComplete (28ms)
	LoadAllAssembliesAndSetupDomain (176ms)
		LoadAssemblies (229ms)
		RebuildTransferFunctionScriptingTraits (0ms)
		AnalyzeDomain (21ms)
			TypeCache.Refresh (8ms)
				TypeCache.ScanAssembly (0ms)
			ScanForSourceGeneratedMonoScriptInfo (7ms)
			ResolveRequiredComponents (4ms)
	FinalizeReload (720ms)
		ReleaseScriptCaches (0ms)
		RebuildScriptCaches (0ms)
		SetupLoadedEditorAssemblies (364ms)
			LogAssemblyErrors (0ms)
			InitializePlatformSupportModulesInManaged (20ms)
			SetLoadedEditorAssemblies (3ms)
			RefreshPlugins (0ms)
			BeforeProcessingInitializeOnLoad (77ms)
			ProcessInitializeOnLoadAttributes (243ms)
			ProcessInitializeOnLoadMethodAttributes (15ms)
			AfterProcessingInitializeOnLoad (6ms)
			EditorAssembliesLoaded (0ms)
		ExecutionOrderSort2 (0ms)
		AwakeInstancesAfterBackupRestoration (5ms)
Refreshing native plugins compatible for Editor in 3.42 ms, found 3 plugins.
Preloading 0 native plugins for Editor in 0.00 ms.
Unloading 3157 Unused Serialized files (Serialized files now loaded: 0)
Unloading 15 unused Assets / (29.0 KB). Loaded Objects now: 3652.
Memory consumption went from 119.0 MB to 118.9 MB.
Total: 2.130500 ms (FindLiveObjects: 0.167100 ms CreateObjectMapping: 0.071800 ms MarkObjects: 1.860100 ms  DeleteObjects: 0.030500 ms)

Prepare: number of updated asset objects reloaded= 0
AssetImportParameters requested are different than current active one (requested -> active):
  custom:scripting/precompiled-assembly-types:CFGame: 1d40d9f2eb07d4adbe7b91ea4efd3a3d -> 
  custom:container-demuxer-ogg: 62fdf1f143b41e24485cea50d1cbac27 -> 
  custom:scripting/monoscript/fileName/CFGame.cs: 589b1493587e7cc4241c8066479bdce3 -> 
  custom:video-decoder-ogg-theora: a1e56fd34408186e4bbccfd4996cb3dc -> 
  custom:framework-win-MediaFoundation: 216162199b28c13a410421893ffa2e32 -> 
  custom:CustomObjectIndexerAttribute: 9a22284fe3817be447336de3de66b15e -> 
  custom:container-demuxer-webm: 4f35f7cbe854078d1ac9338744f61a02 -> 
  custom:container-muxer-webm: aa71ff27fc2769a1b78a27578f13a17b -> 
  custom:video-decoder-webm-vp8: 9c59270c3fd7afecdb556c50c9e8de78 -> 
  custom:SearchIndexIgnoredProperties: e643bd26f0fe6173181afceb89e7c659 -> 
  custom:AudioImporter_EditorPlatform: d09bf68614088b80899f8185d706f6e7 -> 
  custom:video-encoder-webm-vp8: eb34c28f22e8b96e1ab97ce403110664 -> 
  custom:audio-decoder-ogg-vorbis: bf7c407c2cedff20999df2af8eb42d56 -> 
  custom:audio-encoder-webm-vorbis: bf7c407c2cedff20999df2af8eb42d56 -> 
========================================================================
Received Import Request.
  Time since last request: 624.693175 seconds.
  path: Assets
  artifactKey: Guid(00000000000000001000000000000000) Importer(815301076,1909f56bfc062723c751e8b465ee728b)
Start importing Assets using Guid(00000000000000001000000000000000) Importer(815301076,1909f56bfc062723c751e8b465ee728b) [PhysX] Initialized MultithreadedTaskDispatcher with 12 workers.
 -> (artifact id: 'ae5280ad91af67e2a353905758f96678') in 0.001838 seconds
Number of updated asset objects reloaded before import = 0
Number of asset objects unloaded after import = 0
========================================================================
Received Import Request.
  Time since last request: 7.761554 seconds.
  path: Assets/ConsoleToScreen.cs
  artifactKey: Guid(49e657aa3906ba04dbc76e6ba4b08237) Importer(815301076,1909f56bfc062723c751e8b465ee728b)
Start importing Assets/ConsoleToScreen.cs using Guid(49e657aa3906ba04dbc76e6ba4b08237) Importer(815301076,1909f56bfc062723c751e8b465ee728b) [PhysX] Initialized MultithreadedTaskDispatcher with 12 workers.
 -> (artifact id: 'd3df620428b3849156ecc1310e3ff945') in 0.000756 seconds
Number of updated asset objects reloaded before import = 0
Number of asset objects unloaded after import = 0
========================================================================
Received Prepare
Assembly with name 'CFGame' already exists (Assets/CFGame/CFGame.asmdef)
Assembly with name 'CFGame' already exists (Assets/New Folder/CFGame.asmdef)
Assembly with name 'CFGame' already exists (Assets/CFGame.asmdef)
Assembly with name 'CFGame' already exists (Assets/New Folder/CFGame.asmdef)
Caller must complete domain reload
Assembly with name 'CFGame' already exists (Assets/CFGame/CFGame.asmdef)
Assembly with name 'CFGame' already exists (Assets/New Folder/CFGame.asmdef)
Assembly with name 'CFGame' already exists (Assets/CFGame.asmdef)
Assembly with name 'CFGame' already exists (Assets/New Folder/CFGame.asmdef)
Begin MonoManager ReloadAssembly
- Loaded All Assemblies, in  0.369 seconds
Native extension for WindowsStandalone target not found
Native extension for Android target not found
Native extension for WebGL target not found
Assembly with name 'CFGame' already exists (Assets/CFGame/CFGame.asmdef)
Assembly with name 'CFGame' already exists (Assets/New Folder/CFGame.asmdef)
Assembly with name 'CFGame' already exists (Assets/CFGame.asmdef)
Assembly with name 'CFGame' already exists (Assets/New Folder/CFGame.asmdef)
[Package Manager] Server::EnsureServerProcessIsRunning -- launch failed, reason: Unity was launched with the -noUpm command-line argument
[Package Manager] UpmClient::Send -- Unable to send message (not connected to UPM process).
[Package Manager] Cannot connect to Unity Package Manager local server
Mono: successfully reloaded assembly
- Finished resetting the current domain, in  0.759 seconds
Domain Reload Profiling: 1125ms
	BeginReloadAssembly (121ms)
		ExecutionOrderSort (0ms)
		DisableScriptedObjects (3ms)
		BackupInstance (0ms)
		ReleaseScriptingObjects (0ms)
		CreateAndSetChildDomain (24ms)
	RebuildCommonClasses (27ms)
	RebuildNativeTypeToScriptingClass (8ms)
	initialDomainReloadingComplete (25ms)
	LoadAllAssembliesAndSetupDomain (185ms)
		LoadAssemblies (233ms)
		RebuildTransferFunctionScriptingTraits (0ms)
		AnalyzeDomain (18ms)
			TypeCache.Refresh (8ms)
				TypeCache.ScanAssembly (0ms)
			ScanForSourceGeneratedMonoScriptInfo (5ms)
			ResolveRequiredComponents (4ms)
	FinalizeReload (760ms)
		ReleaseScriptCaches (0ms)
		RebuildScriptCaches (0ms)
		SetupLoadedEditorAssemblies (413ms)
			LogAssemblyErrors (0ms)
			InitializePlatformSupportModulesInManaged (19ms)
			SetLoadedEditorAssemblies (2ms)
			RefreshPlugins (0ms)
			BeforeProcessingInitializeOnLoad (80ms)
			ProcessInitializeOnLoadAttributes (290ms)
			ProcessInitializeOnLoadMethodAttributes (15ms)
			AfterProcessingInitializeOnLoad (6ms)
			EditorAssembliesLoaded (0ms)
		ExecutionOrderSort2 (0ms)
		AwakeInstancesAfterBackupRestoration (5ms)
Refreshing native plugins compatible for Editor in 3.34 ms, found 3 plugins.
Preloading 0 native plugins for Editor in 0.00 ms.
Unloading 3157 Unused Serialized files (Serialized files now loaded: 0)
Unloading 15 unused Assets / (29.0 KB). Loaded Objects now: 3656.
Memory consumption went from 118.8 MB to 118.7 MB.
Total: 2.239500 ms (FindLiveObjects: 0.177600 ms CreateObjectMapping: 0.073400 ms MarkObjects: 1.952300 ms  DeleteObjects: 0.035000 ms)

Prepare: number of updated asset objects reloaded= 0
AssetImportParameters requested are different than current active one (requested -> active):
  custom:scripting/precompiled-assembly-types:CFGame: 1d40d9f2eb07d4adbe7b91ea4efd3a3d -> 
  custom:container-demuxer-ogg: 62fdf1f143b41e24485cea50d1cbac27 -> 
  custom:scripting/monoscript/fileName/CFGame.cs: 589b1493587e7cc4241c8066479bdce3 -> 
  custom:video-decoder-ogg-theora: a1e56fd34408186e4bbccfd4996cb3dc -> 
  custom:framework-win-MediaFoundation: 216162199b28c13a410421893ffa2e32 -> 
  custom:scripting/monoscript/fileName/ConsoleToScreen.cs: f68f172d95a2f6d6e9503a855beaab3c -> 
  custom:CustomObjectIndexerAttribute: 9a22284fe3817be447336de3de66b15e -> 
  custom:container-demuxer-webm: 4f35f7cbe854078d1ac9338744f61a02 -> 
  custom:container-muxer-webm: aa71ff27fc2769a1b78a27578f13a17b -> 
  custom:video-decoder-webm-vp8: 9c59270c3fd7afecdb556c50c9e8de78 -> 
  custom:SearchIndexIgnoredProperties: e643bd26f0fe6173181afceb89e7c659 -> 
  custom:AudioImporter_EditorPlatform: d09bf68614088b80899f8185d706f6e7 -> 
  custom:video-encoder-webm-vp8: eb34c28f22e8b96e1ab97ce403110664 -> 
  custom:audio-decoder-ogg-vorbis: bf7c407c2cedff20999df2af8eb42d56 -> 
  custom:audio-encoder-webm-vorbis: bf7c407c2cedff20999df2af8eb42d56 -> 
  custom:scripting/precompiled-assembly-types:Assembly-CSharp: 4eea117f627541ff149943d7dcbc5f13 -> 
========================================================================
Received Import Request.
  Time since last request: 41.309522 seconds.
  path: Assets/Scenes
  artifactKey: Guid(e3ab8b9b71dbb014ca1efe6e3303ad75) Importer(815301076,1909f56bfc062723c751e8b465ee728b)
Start importing Assets/Scenes using Guid(e3ab8b9b71dbb014ca1efe6e3303ad75) Importer(815301076,1909f56bfc062723c751e8b465ee728b) [PhysX] Initialized MultithreadedTaskDispatcher with 12 workers.
 -> (artifact id: '43b35d0efa423c9ad6493cda7b774f29') in 0.001641 seconds
Number of updated asset objects reloaded before import = 0
Number of asset objects unloaded after import = 0
========================================================================
Received Import Request.
  Time since last request: 27.721366 seconds.
  path: Assets/Scenes/SampleScene.unity
  artifactKey: Guid(9fc0d4010bbf28b4594072e72b8655ab) Importer(815301076,1909f56bfc062723c751e8b465ee728b)
Start importing Assets/Scenes/SampleScene.unity using Guid(9fc0d4010bbf28b4594072e72b8655ab) Importer(815301076,1909f56bfc062723c751e8b465ee728b) [PhysX] Initialized MultithreadedTaskDispatcher with 12 workers.
 -> (artifact id: '504ab96a9d2769bbc883536ca68feafe') in 0.000547 seconds
Number of updated asset objects reloaded before import = 0
Number of asset objects unloaded after import = 0
========================================================================
Received Import Request.
  Time since last request: 34.226749 seconds.
  path: Assets/Scenes/Main.unity
  artifactKey: Guid(395863571dc4f8846965ec0efeb48ded) Importer(815301076,1909f56bfc062723c751e8b465ee728b)
Start importing Assets/Scenes/Main.unity using Guid(395863571dc4f8846965ec0efeb48ded) Importer(815301076,1909f56bfc062723c751e8b465ee728b) [PhysX] Initialized MultithreadedTaskDispatcher with 12 workers.
 -> (artifact id: '54b03f9bd7e1a37f78688b7a098401fa') in 0.000469 seconds
Number of updated asset objects reloaded before import = 0
Number of asset objects unloaded after import = 0
========================================================================
Received Import Request.
  Time since last request: 38.377174 seconds.
  path: Assets/ConsoleToScreen.cs
  artifactKey: Guid(49e657aa3906ba04dbc76e6ba4b08237) Importer(815301076,1909f56bfc062723c751e8b465ee728b)
Start importing Assets/ConsoleToScreen.cs using Guid(49e657aa3906ba04dbc76e6ba4b08237) Importer(815301076,1909f56bfc062723c751e8b465ee728b) [PhysX] Initialized MultithreadedTaskDispatcher with 12 workers.
 -> (artifact id: '016bb9085af7714418990a885ee4f777') in 0.000460 seconds
Number of updated asset objects reloaded before import = 0
Number of asset objects unloaded after import = 0
========================================================================
Received Import Request.
  Time since last request: 29.739605 seconds.
  path: Assets/Scenes/Main.unity
  artifactKey: Guid(395863571dc4f8846965ec0efeb48ded) Importer(815301076,1909f56bfc062723c751e8b465ee728b)
Start importing Assets/Scenes/Main.unity using Guid(395863571dc4f8846965ec0efeb48ded) Importer(815301076,1909f56bfc062723c751e8b465ee728b) [PhysX] Initialized MultithreadedTaskDispatcher with 12 workers.
 -> (artifact id: 'acd0b3bfcc61eb5feb7f86133c8d466a') in 0.000464 seconds
Number of updated asset objects reloaded before import = 0
Number of asset objects unloaded after import = 0
========================================================================
Received Prepare
Assembly with name 'CFGame' already exists (Assets/CFGame/CFGame.asmdef)
Assembly with name 'CFGame' already exists (Assets/New Folder/CFGame.asmdef)
Assembly with name 'CFGame' already exists (Assets/CFGame.asmdef)
Assembly with name 'CFGame' already exists (Assets/New Folder/CFGame.asmdef)
Caller must complete domain reload
Assembly with name 'CFGame' already exists (Assets/CFGame/CFGame.asmdef)
Assembly with name 'CFGame' already exists (Assets/New Folder/CFGame.asmdef)
Assembly with name 'CFGame' already exists (Assets/CFGame.asmdef)
Assembly with name 'CFGame' already exists (Assets/New Folder/CFGame.asmdef)
Begin MonoManager ReloadAssembly
- Loaded All Assemblies, in  0.448 seconds
Native extension for WindowsStandalone target not found
Native extension for Android target not found
Native extension for WebGL target not found
Assembly with name 'CFGame' already exists (Assets/CFGame/CFGame.asmdef)
Assembly with name 'CFGame' already exists (Assets/New Folder/CFGame.asmdef)
Assembly with name 'CFGame' already exists (Assets/CFGame.asmdef)
Assembly with name 'CFGame' already exists (Assets/New Folder/CFGame.asmdef)
[Package Manager] Server::EnsureServerProcessIsRunning -- launch failed, reason: Unity was launched with the -noUpm command-line argument
[Package Manager] UpmClient::Send -- Unable to send message (not connected to UPM process).
[Package Manager] Cannot connect to Unity Package Manager local server
Mono: successfully reloaded assembly
- Finished resetting the current domain, in  0.727 seconds
Domain Reload Profiling: 1172ms
	BeginReloadAssembly (146ms)
		ExecutionOrderSort (0ms)
		DisableScriptedObjects (3ms)
		BackupInstance (0ms)
		ReleaseScriptingObjects (0ms)
		CreateAndSetChildDomain (30ms)
	RebuildCommonClasses (24ms)
	RebuildNativeTypeToScriptingClass (8ms)
	initialDomainReloadingComplete (27ms)
	LoadAllAssembliesAndSetupDomain (239ms)
		LoadAssemblies (251ms)
		RebuildTransferFunctionScriptingTraits (0ms)
		AnalyzeDomain (67ms)
			TypeCache.Refresh (53ms)
				TypeCache.ScanAssembly (46ms)
			ScanForSourceGeneratedMonoScriptInfo (9ms)
			ResolveRequiredComponents (3ms)
	FinalizeReload (728ms)
		ReleaseScriptCaches (0ms)
		RebuildScriptCaches (0ms)
		SetupLoadedEditorAssemblies (405ms)
			LogAssemblyErrors (0ms)
			InitializePlatformSupportModulesInManaged (19ms)
			SetLoadedEditorAssemblies (3ms)
			RefreshPlugins (0ms)
			BeforeProcessingInitializeOnLoad (66ms)
			ProcessInitializeOnLoadAttributes (291ms)
			ProcessInitializeOnLoadMethodAttributes (19ms)
			AfterProcessingInitializeOnLoad (7ms)
			EditorAssembliesLoaded (0ms)
		ExecutionOrderSort2 (0ms)
		AwakeInstancesAfterBackupRestoration (7ms)
Refreshing native plugins compatible for Editor in 4.63 ms, found 3 plugins.
Preloading 0 native plugins for Editor in 0.00 ms.
Unloading 3157 Unused Serialized files (Serialized files now loaded: 0)
Unloading 15 unused Assets / (29.0 KB). Loaded Objects now: 3659.
Memory consumption went from 118.8 MB to 118.7 MB.
Total: 3.093100 ms (FindLiveObjects: 0.229800 ms CreateObjectMapping: 0.159600 ms MarkObjects: 2.654200 ms  DeleteObjects: 0.048400 ms)

Prepare: number of updated asset objects reloaded= 0
AssetImportParameters requested are different than current active one (requested -> active):
  custom:scripting/precompiled-assembly-types:CFGame: 1d40d9f2eb07d4adbe7b91ea4efd3a3d -> 
  custom:container-demuxer-ogg: 62fdf1f143b41e24485cea50d1cbac27 -> 
  custom:scripting/monoscript/fileName/CFGame.cs: 589b1493587e7cc4241c8066479bdce3 -> 
  custom:video-decoder-ogg-theora: a1e56fd34408186e4bbccfd4996cb3dc -> 
  custom:framework-win-MediaFoundation: 216162199b28c13a410421893ffa2e32 -> 
  custom:scripting/monoscript/fileName/ConsoleToScreen.cs: f68f172d95a2f6d6e9503a855beaab3c -> 
  custom:CustomObjectIndexerAttribute: 9a22284fe3817be447336de3de66b15e -> 
  custom:container-demuxer-webm: 4f35f7cbe854078d1ac9338744f61a02 -> 
  custom:container-muxer-webm: aa71ff27fc2769a1b78a27578f13a17b -> 
  custom:video-decoder-webm-vp8: 9c59270c3fd7afecdb556c50c9e8de78 -> 
  custom:SearchIndexIgnoredProperties: e643bd26f0fe6173181afceb89e7c659 -> 
  custom:AudioImporter_EditorPlatform: d09bf68614088b80899f8185d706f6e7 -> 
  custom:video-encoder-webm-vp8: eb34c28f22e8b96e1ab97ce403110664 -> 
  custom:audio-decoder-ogg-vorbis: bf7c407c2cedff20999df2af8eb42d56 -> 
  custom:audio-encoder-webm-vorbis: bf7c407c2cedff20999df2af8eb42d56 -> 
  custom:scripting/precompiled-assembly-types:Assembly-CSharp: 4eea117f627541ff149943d7dcbc5f13 -> 
========================================================================
Received Prepare
Assembly with name 'CFGame' already exists (Assets/CFGame/CFGame.asmdef)
Assembly with name 'CFGame' already exists (Assets/New Folder/CFGame.asmdef)
Assembly with name 'CFGame' already exists (Assets/CFGame.asmdef)
Assembly with name 'CFGame' already exists (Assets/New Folder/CFGame.asmdef)
Caller must complete domain reload
Assembly with name 'CFGame' already exists (Assets/CFGame/CFGame.asmdef)
Assembly with name 'CFGame' already exists (Assets/New Folder/CFGame.asmdef)
Assembly with name 'CFGame' already exists (Assets/CFGame.asmdef)
Assembly with name 'CFGame' already exists (Assets/New Folder/CFGame.asmdef)
Begin MonoManager ReloadAssembly
- Loaded All Assemblies, in  0.369 seconds
Native extension for WindowsStandalone target not found
Native extension for Android target not found
Native extension for WebGL target not found
Assembly with name 'CFGame' already exists (Assets/CFGame/CFGame.asmdef)
Assembly with name 'CFGame' already exists (Assets/New Folder/CFGame.asmdef)
Assembly with name 'CFGame' already exists (Assets/CFGame.asmdef)
Assembly with name 'CFGame' already exists (Assets/New Folder/CFGame.asmdef)
[Package Manager] Server::EnsureServerProcessIsRunning -- launch failed, reason: Unity was launched with the -noUpm command-line argument
[Package Manager] UpmClient::Send -- Unable to send message (not connected to UPM process).
[Package Manager] Cannot connect to Unity Package Manager local server
Mono: successfully reloaded assembly
- Finished resetting the current domain, in  0.767 seconds
Domain Reload Profiling: 1132ms
	BeginReloadAssembly (123ms)
		ExecutionOrderSort (0ms)
		DisableScriptedObjects (3ms)
		BackupInstance (0ms)
		ReleaseScriptingObjects (0ms)
		CreateAndSetChildDomain (25ms)
	RebuildCommonClasses (25ms)
	RebuildNativeTypeToScriptingClass (8ms)
	initialDomainReloadingComplete (24ms)
	LoadAllAssembliesAndSetupDomain (185ms)
		LoadAssemblies (229ms)
		RebuildTransferFunctionScriptingTraits (0ms)
		AnalyzeDomain (23ms)
			TypeCache.Refresh (11ms)
				TypeCache.ScanAssembly (4ms)
			ScanForSourceGeneratedMonoScriptInfo (7ms)
			ResolveRequiredComponents (4ms)
	FinalizeReload (767ms)
		ReleaseScriptCaches (0ms)
		RebuildScriptCaches (0ms)
		SetupLoadedEditorAssemblies (410ms)
			LogAssemblyErrors (0ms)
			InitializePlatformSupportModulesInManaged (19ms)
			SetLoadedEditorAssemblies (4ms)
			RefreshPlugins (0ms)
			BeforeProcessingInitializeOnLoad (79ms)
			ProcessInitializeOnLoadAttributes (285ms)
			ProcessInitializeOnLoadMethodAttributes (17ms)
			AfterProcessingInitializeOnLoad (6ms)
			EditorAssembliesLoaded (0ms)
		ExecutionOrderSort2 (0ms)
		AwakeInstancesAfterBackupRestoration (5ms)
Refreshing native plugins compatible for Editor in 3.47 ms, found 3 plugins.
Preloading 0 native plugins for Editor in 0.00 ms.
Unloading 3564 Unused Serialized files (Serialized files now loaded: 0)
Unloading 15 unused Assets / (29.1 KB). Loaded Objects now: 4068.
Memory consumption went from 126.7 MB to 126.7 MB.
Total: 2.105200 ms (FindLiveObjects: 0.185200 ms CreateObjectMapping: 0.086200 ms MarkObjects: 1.799000 ms  DeleteObjects: 0.034200 ms)

Prepare: number of updated asset objects reloaded= 0
AssetImportParameters requested are different than current active one (requested -> active):
  custom:scripting/monoscript/fileName/IFileSystem.cs: 5a6abb33207ec564e64ba1e6c5846da2 -> 
  custom:scripting/monoscript/fileName/BufferWriter.cs: 63cd59ea6a2fe4e4e91fdbeeebbde543 -> 
  custom:scripting/monoscript/fileName/BuildParameters.cs: 75f861defb8d41581a1963b6fab85994 -> 
  custom:scripting/monoscript/fileName/IBuildTasks.cs: ad73a7c5af5769af35e7121ce421c767 -> 
  custom:scripting/monoscript/fileName/DownloadSystemHelper.cs: 5986706f2918944e4e0939c537b565fd -> 
  custom:scripting/precompiled-assembly-types:Unity.ScriptableBuildPipeline: 63a035259003d4b33649aa342845e31f -> 
  custom:scripting/monoscript/fileName/TaskEncryption_SBP.cs: a9dea624c8a135e29b3b081ee0db5a6c -> 
  custom:scripting/monoscript/fileName/UxmlLoader.cs: 581e2e6b038aa0ba08f7fcb8925d6620 -> 
  custom:scripting/monoscript/fileName/DefaultCacheFileSystemDefine.cs: d4a679c9f77a3df02fc024b03ce98f2d -> 
  custom:scripting/monoscript/fileName/TrackerExtensions.cs: 05c6facd03e82ea85ea8497944d142b2 -> 
  custom:scripting/monoscript/fileName/AssetBundleBuilderHelper.cs: 2601d90396f1debe251aebd49a3c6ea1 -> 
  custom:scripting/monoscript/fileName/IActiveRule.cs: 4c10605e998ba00b93463df1ea736568 -> 
  custom:scripting/monoscript/fileName/GameAsyncOperation.cs: f78d18f4f0b2d31e98606e35eae66c02 -> 
  custom:scripting/monoscript/fileName/UnityWebTextRequestOperation.cs: f042eb013c252cebb05870399e70ef94 -> 
  custom:scripting/monoscript/fileName/DefaultBuildinFileSystemDefine.cs: d70f99cbdc178b3f4cd4b31c4a995763 -> 
  custom:scripting/precompiled-assembly-types:CFGame: 1d40d9f2eb07d4adbe7b91ea4efd3a3d -> 
  custom:scripting/monoscript/fileName/DebuggerBundleListViewer.cs: e923e584f04bd6893c4e3486a8b46635 -> 
  custom:scripting/monoscript/fileName/FSQueryPackageVersionOperation.cs: 012d84e9033a04e41fdb7d2b8e1dd960 -> 
  custom:scripting/monoscript/fileName/InstantiateOperation.cs: c99894bb55527a5905f6cd8bcbc04e92 -> 
  custom:scripting/monoscript/fileName/ReportSummary.cs: 700bc4f814f361cb12142ba30e49e500 -> 
  custom:scripting/monoscript/fileName/SceneDataWriteOperation.cs: 62fc06a44a6276d74f5ce5527ac1c0e7 -> 
  custom:scripting/monoscript/fileName/YooUtility.cs: 5dec77d6ab1d89f3dc12cfc3d5bf67b4 -> 
  custom:scripting/monoscript/fileName/ThreadSyncContext.cs: 8fea3f55cb9559d9410e5694ef350348 -> 
  custom:scripting/monoscript/fileName/RequestWebPackageHashOperation.cs: ca5d0cc566e638b7df8e92adf2761762 -> 
  custom:scripting/monoscript/fileName/BuildCache.cs: ed18a1a079f7380eac8245801a570733 -> 
  custom:scripting/monoscript/fileName/AssetBundleReporterWindow.cs: 0bb9d6a34525cd1dbe66c3a7ccc9b4ec -> 
  custom:container-demuxer-ogg: 62fdf1f143b41e24485cea50d1cbac27 -> 
  custom:scripting/monoscript/fileName/BuildParametersContext.cs: 85ba1e232bfdf13003f730e5945f39fc -> 
  custom:scripting/monoscript/fileName/PostWritingCallback.cs: 554018e4e98d586ae4dba2461cc09229 -> 
  custom:scripting/monoscript/fileName/SpookyHash.cs: ced234d9ef31626b6b07f6aab873119b -> 
  custom:scripting/monoscript/fileName/BundledAllAssetsProvider.cs: f31b9dabd428de80a4f3005333ce0bf7 -> 
  custom:scripting/monoscript/fileName/PreviewSceneDependencyData.cs: 0aa0e9fad79dc24aadab25b9d7a9b9a5 -> 
  custom:scripting/monoscript/fileName/TaskCopyBuildinFiles_BBP.cs: 6a033ce219087d445074581865c5ee54 -> 
  custom:scripting/monoscript/fileName/BuiltinBuildPipeline.cs: 519ec2327a4fd3f29e9802a7fc71b608 -> 
  custom:scripting/monoscript/fileName/RemoteCommand.cs: 279cd2525c791908c5616c7bc45b2b33 -> 
  custom:scripting/monoscript/fileName/DCFSRequestPackageVersionOperation.cs: 27dcc5318a68ca5f8ec8ce53e31f0f17 -> 
  custom:scripting/monoscript/fileName/IFilterRule.cs: 114c4bc8390d91c769a74824c89018fc -> 
  custom:scripting/monoscript/fileName/GenerateSubAssetPathMaps.cs: c7987fa236ddbc39e6da8bcfe285d7c7 -> 
  custom:scripting/monoscript/fileName/TaskCreateReport.cs: c51e52d1873b5b8c493a8c5f12149587 -> 
  custom:scripting/monoscript/fileName/SubAssetsHandle.cs: 4e9364c2230acdedc34fb19cb0475a9d -> 
  custom:scripting/monoscript/fileName/AssetBundleCollectorGroup.cs: d0ce3bae8756e22de9c0dbed9e289dcd -> 
  custom:scripting/monoscript/fileName/VersionedCallbackAttribute.cs: 792d43fefe55909e52271f20ce4bd5db -> 
  custom:scripting/monoscript/fileName/CRC32Algorithm.cs: 3594ad065012286de7e61521d08462c5 -> 
  custom:scripting/monoscript/fileName/BuildLog.cs: f381a35baf9bd9880d2d4023ad70717e -> 
  custom:scripting/monoscript/fileName/AsyncOperationBase.cs: c90dfd8f682134253e4a17d291ce6a29 -> 
  custom:scripting/monoscript/fileName/BundleInfo.cs: dce79bf3c8f319ce627c0cd1cefab23e -> 
  custom:scripting/monoscript/fileName/ContentFileIdentifiers.cs: 7655f22dc8e01297e0fa51cc343ac6c9 -> 
  custom:scripting/monoscript/fileName/BundleExplictObjectLayout.cs: 7ebaaae109881757a2cd1a5aaeb77811 -> 
  custom:scripting/monoscript/fileName/CFGame.cs: 589b1493587e7cc4241c8066479bdce3 -> 
  custom:scripting/monoscript/fileName/IDependencyData.cs: 35a83d3a80674af5f8ca402d71bd60d0 -> 
  custom:scripting/monoscript/fileName/FileSystemHelper.cs: c0f236989c24c066bf308ca9fee344d0 -> 
  custom:scripting/monoscript/fileName/TaskCreateReport_BBP.cs: 0b3b84a73ac9571fe23dee27d175c0a4 -> 
  custom:scripting/monoscript/fileName/DefaultPackRule.cs: 80d02ce9afa2f188c460f88567f7e06a -> 
  custom:scripting/monoscript/fileName/DefaultWebFileSystem.cs: f067fba9d292fbc2b7794f0070e444ba -> 
  custom:scripting/monoscript/fileName/ResourceManager.cs: 2284d22c4877ab4fe83ad66e2e5399ee -> 
  custom:scripting/monoscript/fileName/BuildResults.cs: ea29098741349f66a5c13be22430b91a -> 
  custom:video-decoder-ogg-theora: a1e56fd34408186e4bbccfd4996cb3dc -> 
  custom:scripting/monoscript/fileName/WebPlayModeImpl.cs: 7e9566956955914bf1efefecf2a3088f -> 
  custom:scripting/monoscript/fileName/IAddressRule.cs: ead2cc6e7008976642ed14bbecf6a1f5 -> 
  custom:scripting/monoscript/fileName/DatabaseRawFileProvider.cs: 59278dea88ed036323bb1c4d0e43b607 -> 
  custom:scripting/monoscript/fileName/ScriptableBuildPipeline.cs: 3c3b1c06634bac11272de55f7c802c38 -> 
  custom:scripting/monoscript/fileName/BundledSubAssetsProvider.cs: d451341867347097b100513354ae2871 -> 
  custom:scripting/monoscript/fileName/HashStream.cs: 79ad716994d62b2c0cafd2bf9cc6c712 -> 
  custom:scripting/monoscript/fileName/TaskVerifyBuildResult_SBP.cs: 047a5a396434be37aee0b6b15f967132 -> 
  custom:scripting/monoscript/fileName/TaskCreateManifest_BBP.cs: b27a3b8207af0a393f959035bb98a299 -> 
  custom:scripting/monoscript/fileName/BuildContext.cs: 0afd91a4f04e0ad71f285291fed59eed -> 
  custom:scripting/monoscript/fileName/PackageAsset.cs: b6e8b7527e6bb8c3c4c9a963cb452fb6 -> 
  custom:scripting/monoscript/fileName/DefaultBuildTasks.cs: b93cbe91f00034105b24705dc67fc837 -> 
  custom:scripting/monoscript/fileName/LoadBuildinPackageManifestOperation.cs: 708a64d005d5be321bee95beb5c1f72f -> 
  custom:scripting/monoscript/fileName/BuiltinBuildPipelineViewer.cs: 505d5ede3613d45aa2b1f3d7c00dc2a8 -> 
  custom:framework-win-MediaFoundation: 216162199b28c13a410421893ffa2e32 -> 
  custom:scripting/monoscript/fileName/DefaultEditorFileSystemDefine.cs: b2b8ab43b075c8472e00366daabb837b -> 
  custom:scripting/monoscript/fileName/YooAssetSettings.cs: 232782dc97d7385dab0c9594e598dd2d -> 
  custom:scripting/monoscript/fileName/HomePage.cs: 4c4fd55e89ff9417d766263cad98e237 -> 
  custom:scripting/monoscript/fileName/UnityWebDataRequestOperation.cs: 404a230fd1529bce2e1aa1330f84e98d -> 
  custom:scripting/monoscript/fileName/CreateBuiltInShadersBundle.cs: e4f12aa9a6b849b3a7861bf492376679 -> 
  custom:scripting/monoscript/fileName/TaskVerifyBuildResult_BBP.cs: 98f1925d4f323f92075b7545fdcdbbec -> 
  custom:scripting/monoscript/fileName/UnityWebFileRequestOperation.cs: bea9a37ac2b6b19313cda550311ac800 -> 
  custom:scripting/monoscript/fileName/PlayerSettingsApi.cs: e8704eb198d8f61f68729b362e34f254 -> 
  custom:scripting/monoscript/fileName/UIElementsDefine.cs: 35f499f06e276ed575f27b5830d8c728 -> 
  custom:scripting/monoscript/fileName/ValidationMethods.cs: 0ca38beb753f491a65475578d824a594 -> 
  custom:scripting/monoscript/fileName/LoadEditorPackageVersionOperation.cs: 6aec452d46a787e48bdf9766d32e0eca -> 
  custom:scripting/monoscript/fileName/GenerateLinkXml.cs: 438676c0a3ae847305e5461d0d0dfb13 -> 
  custom:scripting/monoscript/fileName/SettingLoader.cs: 5401bb33b9a97d34eddc25226ee86ff2 -> 
  custom:scripting/monoscript/fileName/IContextObject.cs: fac38ce75c57d87a765e48fb8f4821f9 -> 
  custom:scripting/monoscript/fileName/AssetBundleWriteOperation.cs: db3d146633bcf83272b8d8ec27708373 -> 
  custom:scripting/monoscript/fileName/DCFSClearAllBundleFilesOperation.cs: f0e5218ad3acb07ac68f2a983f96eeed -> 
  custom:scripting/monoscript/fileName/BundledAssetProvider.cs: 427ec92a639908bf23f352d648634902 -> 
  custom:scripting/monoscript/fileName/DownloadPackageHashOperation.cs: 5ba97f5f7dd98353e46c59c143751d3c -> 
  custom:scripting/monoscript/fileName/DisplayNameAttribute.cs: 99f56d8e7708207fcabde23f2d575780 -> 
  custom:scripting/monoscript/fileName/ReportBundleInfo.cs: d8388f77658ef2b2f8c4b58c9ef7ee75 -> 
  custom:scripting/monoscript/fileName/ExtensionMethods.cs: 4642d9c802c70c033ea67f5c9fc06bdb -> 
  custom:scripting/precompiled-assembly-types:Unity.ScriptableBuildPipeline.Editor: 7f818e88ff0dea450c33b1317e961663 -> 
  custom:scripting/monoscript/fileName/YooAssetSettingsData.cs: e91ab4327dcec67344dcaa6f080710c3 -> 
  custom:scripting/monoscript/fileName/RequestBuildinPackageVersionOperation.cs: 7c48e92e4f482816eed4f1c17f209b30 -> 
  custom:scripting/monoscript/fileName/TaskUpdateBundleInfo_RFBP.cs: a3d605c9af0b4ad3d30ef07c7436ca38 -> 
  custom:scripting/monoscript/fileName/IPackRule.cs: 51cffd916549ae0a855911fc2cf0d12f -> 
  custom:scripting/precompiled-assembly-types:YooAsset: bc1504c1abd6311fa9027672bb9fdc36 -> 
  custom:scripting/monoscript/fileName/FileSystemParametersDefine.cs: 21866d4e0bb8a7f390f5ffe85bf7c144 -> 
  custom:scripting/monoscript/fileName/ConsoleToScreen.cs: f68f172d95a2f6d6e9503a855beaab3c -> 
  custom:scripting/monoscript/fileName/LoadBuildinCatalogFileOperation.cs: d41ab8bd25eff7939c5e4a391e660dbe -> 
  custom:scripting/monoscript/fileName/LinkXMLGenerator.cs: ae9b4e49cd6473e74c6d00b7a9a5576c -> 
  custom:scripting/monoscript/fileName/EditorSimulateModeHelper.cs: 219a25b7ea9d0cac067c44f620fd4fd4 -> 
  custom:scripting/monoscript/fileName/HashingMethods.cs: 715cdfdde81dd1627a447579d5c1a2a8 -> 
  custom:scripting/monoscript/fileName/GraphicsSettingsApi.cs: e643b869c2bd158e219684eb7bac7d5a -> 
  custom:scripting/monoscript/fileName/SceneRawWriteOperation.cs: 5a20bbe9c2135f3c677809d25231ee39 -> 
  custom:scripting/monoscript/fileName/IIgnoreRule.cs: 6b8d9170df0c8b19bacb9902a191c835 -> 
  custom:scripting/monoscript/fileName/AssetBundleCollectorConfig.cs: 2454e6657d702abed0210923290312e5 -> 
  custom:scripting/monoscript/fileName/RequestWebPackageVersionOperation.cs: 234d5301334ad6a188deed4211d57288 -> 
  custom:scripting/monoscript/fileName/PrefabPackedIdentifiers.cs: 88eee9e87bb381ef74e5d164ea9612c4 -> 
  custom:scripting/monoscript/fileName/BufferReader.cs: c0ed6a8510ff697c5b0a4888d84fd04c -> 
  custom:scripting/monoscript/fileName/PackageManifest.cs: 3f7f122c93e129e107b0b39512db99b2 -> 
  custom:scripting/monoscript/fileName/AssetBundleCollectorPackage.cs: 7bbb4b89894cd470f1c6a7b9c4d4b075 -> 
  custom:scripting/monoscript/fileName/TaskCachingUtility.cs: 2abbe35728db88bbaa201e6c478a95f2 -> 
  custom:scripting/monoscript/fileName/CalculateSceneDependencyData.cs: 104fc632ee9eb1eac0995150ef581054 -> 
  custom:scripting/monoscript/fileName/BuildContent.cs: 8b98bc58cf5574343dc7ddad95d66a2a -> 
  custom:scripting/monoscript/fileName/InitializeParameters.cs: 331391b80de6ed86c912f3010512ab93 -> 
  custom:scripting/monoscript/fileName/AssetBundleCollectorSettingData.cs: 945338802145465243cf852e3b4c83be -> 
  custom:scripting/monoscript/fileName/TaskPrepare_RFBP.cs: 180f648db58a5c0bf1dad3fccc2af2d6 -> 
  custom:CustomObjectIndexerAttribute: 9a22284fe3817be447336de3de66b15e -> 
  custom:scripting/monoscript/fileName/DefaultEditorFileSystem.cs: f3bf702b800e475f6035b0e9033ab83f -> 
  custom:scripting/monoscript/fileName/TaskUpdateBundleInfo_BBP.cs: 955b3f1ca62303e4b2dcaaaec61d12ea -> 
  custom:scripting/monoscript/fileName/CreateMonoScriptBundle.cs: 2583ca987d667d4dd92571cf56d8871f -> 
  custom:scripting/monoscript/fileName/YooLogger.cs: 4350a78c10835e8536afcee8d1d9c98a -> 
  custom:scripting/monoscript/fileName/CollectAssetInfo.cs: ad0c7072677b25a652c16a9f2ae61b46 -> 
  custom:scripting/monoscript/fileName/TaskCreateReport_RFBP.cs: d93ef517540a8424f0e1fb19ff7157e2 -> 
  custom:scripting/monoscript/fileName/StripUnusedSpriteSources.cs: 8e0de493596d68c81f185a4c7e2ecc3e -> 
  custom:scripting/monoscript/fileName/RawBundle.cs: 841549146206c4c1215333df451b1d4c -> 
  custom:scripting/monoscript/fileName/BuildAssetInfo.cs: d203397ae6d41e030e872b3cb5002cf3 -> 
  custom:scripting/monoscript/fileName/FSLoadBundleFileOperation.cs: 3109c21706fac52a6dfe601ef3842572 -> 
  custom:scripting/monoscript/fileName/TaskPrepare_SBP.cs: 9f68350822df162b1dd65c33823cf283 -> 
  custom:scripting/monoscript/fileName/TaskBuilding_RFBP.cs: 0f2788065406d5764c39de4fe081a1d7 -> 
  custom:scripting/monoscript/fileName/ProgressTracker.cs: 7cf527e59ae90a5de1d1297f2cf5b5d9 -> 
  custom:scripting/monoscript/fileName/ScriptableBuildParameters.cs: b85995be370b270c676250c5afcfbce6 -> 
  custom:scripting/monoscript/fileName/DownloaderOperation.cs: bef40bee7493594727645fc2d0ee71c1 -> 
  custom:scripting/monoscript/fileName/ClearAllBundleFilesOperation.cs: 3b50b5e0df6601d0c2e105fc7b3d2395 -> 
  custom:scripting/monoscript/fileName/DBFSInitializeOperation.cs: 085452533a81575f288212fde07d34c8 -> 
  custom:scripting/monoscript/fileName/QualitySettingsApi.cs: 8a81ef3b39ef7374ffa2c64379a5666c -> 
  custom:scripting/monoscript/fileName/GenerateBundleCommands.cs: df8cc1862a26a9b8b8065412bf4da3d1 -> 
  custom:scripting/monoscript/fileName/PostPackingCallback.cs: f0f64a598e599b8fee359c8bbbbb7967 -> 
  custom:scripting/monoscript/fileName/AssetHandle.cs: d69e051124b2ef5c7ab8c389bbeffd65 -> 
  custom:container-demuxer-webm: 4f35f7cbe854078d1ac9338744f61a02 -> 
  custom:scripting/monoscript/fileName/DeSerializer.cs: 42de108158a2d64cff75d55be619c3d6 -> 
  custom:scripting/monoscript/fileName/ProgressLoggingTracker.cs: 5d288d40f7eb670174353f8188801c70 -> 
  custom:scripting/monoscript/fileName/DEFSLoadPackageManifestOperation.cs: de87452adb2260bc54498de298e7fab1 -> 
  custom:scripting/monoscript/fileName/TaskGetBuildMap_RFBP.cs: 389a76f0afc4c2c90832ca79dccb159a -> 
  custom:scripting/monoscript/fileName/IBuildResults.cs: 8b5b87d2e7d0fe52b18dffb583edf526 -> 
  custom:scripting/monoscript/fileName/DownloadStatus.cs: 64c933f1eb36397cf6a412c88a3637c9 -> 
  custom:scripting/precompiled-assembly-types:YooAsset.Editor: e75e19efab6f08806c0da928a3744d7f -> 
  custom:scripting/monoscript/fileName/DefaultUnpackFileSystemDefine.cs: bf0ab1cb14ac438bbc464a428902ffe0 -> 
  custom:scripting/monoscript/fileName/TaskEncryption_BBP.cs: a44930b4acb6f1a0fc5e651f6f14dff1 -> 
  custom:scripting/monoscript/fileName/ClusterBuildLayout.cs: 5771ce961e5c856dda3162f7e7866c51 -> 
  custom:scripting/monoscript/fileName/DumpToText.cs: 2dfe9c7754fbb721de687736d394e422 -> 
  custom:scripting/monoscript/fileName/TaskGetBuildMap_BBP.cs: 316aadd7dcf150e44453c404d230757a -> 
  custom:scripting/monoscript/fileName/TaskCreateManifest_RFBP.cs: 815d3f79558fe9416182306c88e74a93 -> 
  custom:scripting/monoscript/fileName/EditorDefine.cs: 33ea48f98ada7a5fb704e7091df58378 -> 
  custom:scripting/monoscript/fileName/ScriptableBuildPipelineViewer.cs: f5d443d6c9d70df381c583dee6b2d8f7 -> 
  custom:scripting/monoscript/fileName/AssetBundleInspector.cs: 889653d0d1cc752709989412fa082c11 -> 
  custom:scripting/monoscript/fileName/RuleDisplayName.cs: 13a41cf4aab74156e069a7dc2a29db8b -> 
  custom:scripting/monoscript/fileName/RawFileBuildPipeline.cs: e03a29e92f9307267486037ad8b698be -> 
  custom:scripting/monoscript/fileName/AssetBundleBuilderSetting.cs: 14d987a130caffcba8750597be485f76 -> 
  custom:scripting/monoscript/fileName/RawfileBuildpipelineViewer.cs: 60f45524d69cd58ad84450cf639a6689 -> 
  custom:scripting/monoscript/fileName/HashingHelpers.cs: 0f7aeced044c9bfbe971ac41bd6b1b1e -> 
  custom:scripting/monoscript/fileName/FileCompressor.cs: 9e176c2b40f10af0783acadfcf93a0a6 -> 
  custom:scripting/monoscript/fileName/BuildCacheUtility.cs: 2743f002ee5eaa2b245807c6d3986866 -> 
  custom:scripting/monoscript/fileName/ContentPipeline.cs: 0099978ab3154e75ec02b02af05e3647 -> 
  custom:scripting/monoscript/fileName/IBuildSpriteData.cs: 70fcaabd919c2d8ed3f211908205c540 -> 
  custom:scripting/monoscript/fileName/AssetBundleBuilder.cs: 66026cb25f59730dd66d64c17a72bd7d -> 
  custom:scripting/monoscript/fileName/DCFSLoadBundleOperation.cs: a4ae0c8c16228c6bafda0632d2366789 -> 
  custom:scripting/monoscript/fileName/DefaultActiveRule.cs: f4f24b066cafca515ec1235794c6a806 -> 
  custom:scripting/monoscript/fileName/RemoteDebuggerDefine.cs: 480b2d281d14c1369fe528a4e867f72a -> 
  custom:scripting/monoscript/fileName/LoadEditorPackageManifestOperation.cs: 466cb65ae029295e2cd080f778549e89 -> 
  custom:scripting/monoscript/fileName/BuildCallbacks.cs: e372553ccc5bfd1dd2d4f86e3433b7ac -> 
  custom:scripting/monoscript/fileName/CompatibilityAssetBundleManifest.cs: 8c821441185b5b6a41b701764a9456f7 -> 
  custom:scripting/monoscript/fileName/AssetBundleBuilderWindow.cs: a46a3180522c86cbc00e95c5d27375b3 -> 
  custom:scripting/monoscript/fileName/DebugPackageData.cs: 36103500d03e897f5f8e61a9d83f19fd -> 
  custom:scripting/monoscript/fileName/BuildTasksRunner.cs: 6061ed342a325c9c185a4b35bbfe23f3 -> 
  custom:scripting/monoscript/fileName/DatabaseAllAssetsProvider.cs: 2f9fd49dd750313a99b882781fcb9296 -> 
  custom:scripting/monoscript/fileName/IBundleQuery.cs: d61c15afb00502c811e7fd4d6462c2c5 -> 
  custom:scripting/monoscript/fileName/BuildExtendedAssetData.cs: 646a6ec8dded2f210e51a6a26a267c53 -> 
  custom:scripting/monoscript/fileName/RequestPackageVersionOperation.cs: 643c88e19acddade3a8fc22fd926a8dd -> 
  custom:scripting/monoscript/fileName/DBFSLoadPackageManifestOperation.cs: a27ac40aebcaa394935cdd81c252df00 -> 
  custom:scripting/monoscript/fileName/OperationSystem.cs: 669217e9ff4010ac66741203de2f85b0 -> 
  custom:scripting/monoscript/fileName/DebugProviderInfo.cs: 164444c05af924be7e9e4e58e6b6bfe5 -> 
  custom:scripting/monoscript/fileName/DEFSLoadBundleOperation.cs: 7b1f974bd0ef3ef6b92e049ef5e4d141 -> 
  custom:scripting/monoscript/fileName/UpdatePackageManifestOperation.cs: aa3aac4c34c924df3b34b774e3b31652 -> 
  custom:scripting/monoscript/fileName/BuildProfiler.cs: 20a6883e13cfb1c377baf8d9ad7c7108 -> 
  custom:scripting/monoscript/fileName/BuildPipelineViewerBase.cs: f7505a1d0911592edb1dfe6630d173c9 -> 
  custom:scripting/monoscript/fileName/ManifestTools.cs: f7c6fac69c839939b0ae10aeb7940ecd -> 
  custom:scripting/monoscript/fileName/LoadBundleFileOperation.cs: de0f361e74655a45a445a7f6cb38bc81 -> 
  custom:scripting/monoscript/fileName/BuildMapContext.cs: 269b331ae63a8544dc38a88d077af4cf -> 
  custom:container-muxer-webm: aa71ff27fc2769a1b78a27578f13a17b -> 
  custom:scripting/monoscript/fileName/UnloadAllAssetsOperation.cs: 12bad30b44dc1dbba6c3dd804375a3f2 -> 
  custom:scripting/monoscript/fileName/ResourcePackage.cs: c00e78530031b0d5576e1bfd9adc9fc2 -> 
  custom:scripting/monoscript/fileName/DBFSRequestPackageVersionOperation.cs: 8b62656d84828beb91603a127dd7640f -> 
  custom:scripting/monoscript/fileName/IBuildContext.cs: 5ff9d28c8d4a4f1b753bc76a607083bf -> 
  custom:scripting/monoscript/fileName/HandleBase.cs: 94111d5bb4071aeb66140ec40ef3b579 -> 
  custom:scripting/monoscript/fileName/RequestRemotePackageVersionOperation.cs: f954c2d788879dcc40f70c7188993c14 -> 
  custom:scripting/monoscript/fileName/DefaultAddressRule.cs: 6cc8f64006d7473f8260cd23fc85e80f -> 
  custom:video-decoder-webm-vp8: 9c59270c3fd7afecdb556c50c9e8de78 -> 
  custom:scripting/monoscript/fileName/TaskCreatePackage_SBP.cs: 2b10b481644592908781de5bee8556a0 -> 
  custom:scripting/monoscript/fileName/IBundleExplictObjectLayout.cs: ddaeb79a7a717f820f674015296294c0 -> 
  custom:scripting/monoscript/fileName/PostDependencyCallback.cs: eb19b86cfe0872246c64c5aa303dec70 -> 
  custom:scripting/monoscript/fileName/RebuildSpriteAtlasCache.cs: 4336dcac6b167662dc27a4b8cb534249 -> 
  custom:scripting/monoscript/fileName/TaskGetBuildMap_SBP.cs: e3297bce37cbc1bfa79674d1c19528e1 -> 
  custom:scripting/monoscript/fileName/DownloadHandlerFileRange.cs: cddcbc2778da5039e146efbc43f52fe9 -> 
  custom:scripting/monoscript/fileName/TaskCreatePackage_BBP.cs: 6f7ea23258816a8fcc8ae6bd18ccb409 -> 
  custom:scripting/monoscript/fileName/DatabaseSceneProvider.cs: 6ad63e073e94d4799a4aa6a72e82e91b -> 
  custom:scripting/monoscript/fileName/BundleDetails.cs: c2ce173f3479298f0c344c217d376d24 -> 
  custom:SearchIndexIgnoredProperties: e643bd26f0fe6173181afceb89e7c659 -> 
  custom:scripting/monoscript/fileName/UpdateBundleObjectLayout.cs: d3e8743e5c2de0c9b031ff5de45c2faa -> 
  custom:scripting/monoscript/fileName/DEFSRequestPackageVersionOperation.cs: 2b043efe9eddac728b7ac341efe36e20 -> 
  custom:scripting/monoscript/fileName/ReflectionExtensions.cs: 18deef64260ff7f38d0791626801b560 -> 
  custom:scripting/monoscript/fileName/TaskCopyBuildinFiles_SBP.cs: fd41248d60147866f8f7c6be85851162 -> 
  custom:scripting/monoscript/fileName/USerialize.cs: 6f1fb90844e336a2331e02dcaf45180a -> 
  custom:AudioImporter_EditorPlatform: d09bf68614088b80899f8185d706f6e7 -> 
  custom:scripting/monoscript/fileName/YooAssetsDriver.cs: b9f47c82f00f33a81f10b9f02503abb9 -> 
  custom:scripting/monoscript/fileName/TaskCopyBuildinFiles.cs: 4fccc973afd87447e3084da9cfb6667b -> 
  custom:scripting/monoscript/fileName/DownloadPackageManifestOperation.cs: 4157092bcb68ba635cc95ef73fb8a36e -> 
  custom:scripting/monoscript/fileName/IPlayMode.cs: b7df7fb3866a89b552fbd11691f85e1b -> 
  custom:scripting/monoscript/fileName/DefaultDownloadFileOperation.cs: 23e4a12ba7c6b75192ce2a0ff2060625 -> 
  custom:scripting/monoscript/fileName/OfflinePlayModeImpl.cs: a509728cc5753f9984d05d456e9162dd -> 
  custom:scripting/monoscript/fileName/IBuildContent.cs: 985433c3d816b7fe3356ac6fdd88a9c1 -> 
  custom:scripting/monoscript/fileName/PreDownloadContentOperation.cs: a521aa7859f4619151cdf61a5a6aee80 -> 
  custom:scripting/monoscript/fileName/EditorSimulateModeImpl.cs: a960ecce1cd41056fbc8297ca4ae4525 -> 
  custom:scripting/monoscript/fileName/BuildBundleInfo.cs: 0bcc251c6ff4f2096e2054e4e66df0ff -> 
  custom:scripting/monoscript/fileName/DebugBundleInfo.cs: 3c3daa87edae9c36b83910f39651186d -> 
  custom:scripting/monoscript/fileName/UnityWebRequestOperation.cs: 7e3cd60f87576989108db3dbb4e74241 -> 
  custom:scripting/monoscript/fileName/FSClearUnusedBundleFilesOperation.cs: 0b08c65f1969722e598bc9f462aef3d2 -> 
  custom:scripting/monoscript/fileName/IBuildParameters.cs: 5444d4b7b91f8f230014e0b0f1d671dc -> 
  custom:scripting/monoscript/fileName/DestroyOperation.cs: 54d82add4dc8f437971bf73dd158e5f2 -> 
  custom:scripting/monoscript/fileName/PackageBundle.cs: defb9c7f42fbf31479311e21b9c3df5d -> 
  custom:scripting/monoscript/fileName/CacheEntry.cs: 184ec4582c6a111a6d76b26e9882d8ac -> 
  custom:scripting/monoscript/fileName/CalculateCustomDependencyData.cs: 60157e862b4f285cab819b205d1dcc68 -> 
  custom:scripting/monoscript/fileName/BuildRunner.cs: b5c505923ad18556774584da2b2da3e9 -> 
  custom:scripting/monoscript/fileName/RawWriteOperation.cs: 0c25d4a5522f2e528b1c316a8854d37d -> 
  custom:scripting/monoscript/fileName/AssetBundleCollectorSetting.cs: 57c83457b7daa5fd0121a4df9a0b19a8 -> 
  custom:scripting/monoscript/fileName/DCFSLoadPackageManifestOperation.cs: b41fae2b7f8c82f1ad938809318c7315 -> 
  custom:scripting/monoscript/fileName/RemoteDebuggerInRuntime.cs: 21d42d4a89472cf260e4b412a8ca80aa -> 
  custom:scripting/monoscript/fileName/IObjectDependencyData.cs: dab6b9b0a9d3dcde7acff38a7870ced5 -> 
  custom:scripting/monoscript/fileName/PostScriptsCallback.cs: 1cec4066ff38f9052245bd85d91b727c -> 
  custom:scripting/monoscript/fileName/IDeterministicIdentifiers.cs: 9fdfcaea74e444a0ad0fcc5b015d955f -> 
  custom:scripting/monoscript/fileName/DefaultUnpackFileSystem.cs: 016f0548d89cd473e21c1faa9171b1ce -> 
  custom:scripting/monoscript/fileName/DWFSRequestPackageVersionOperation.cs: ed9b8ae23b9d2b1b8c7b89b5f8bfda82 -> 
  custom:scripting/monoscript/fileName/Preferences.cs: 94e017b2eb5287f154bb9408b15c0487 -> 
  custom:scripting/monoscript/fileName/ReporterAssetListViewer.cs: e33c366ac96354a3d64b88cb54b492e9 -> 
  custom:scripting/monoscript/fileName/TaskCreatePackage_RFBP.cs: 3cfdcb85d63c4c0ba4f85f89725917b9 -> 
  custom:scripting/monoscript/fileName/DBFSLoadBundleOperation.cs: dfe2c916e9107994bb1c6c708dd8b7f9 -> 
  custom:scripting/monoscript/fileName/BundledRawFileProvider.cs: 0cc44410850b3ff7ceadcbd13f5a990e -> 
  custom:scripting/monoscript/fileName/IProgressTracker.cs: 59e48e9e64fc66dccd13c436990f26d1 -> 
  custom:scripting/monoscript/fileName/DefaultEncryption.cs: df3b4958a2477c3c8654095c09be03a4 -> 
  custom:scripting/monoscript/fileName/DefaultIgnoreRule.cs: fca3501d5fe5c2be4ac718389c6c3a50 -> 
  custom:scripting/monoscript/fileName/DeserializeManifestOperation.cs: a2e324c02fe59e7ae04222543a98e2ba -> 
  custom:scripting/monoscript/fileName/DefaultFilterRule.cs: fb82e83ad78fa5da049133225efea8ad -> 
  custom:scripting/monoscript/fileName/LinearPackedIdentifiers.cs: f2ab3362c1bcc1efe300438e2ca25a9c -> 
  custom:scripting/monoscript/fileName/CommonStrings.cs: c37303b8ea4b24be7afe89e3c1f096f3 -> 
  custom:scripting/monoscript/fileName/SBPBuildTasks.cs: 77b5961a6927edfc48549d4f3a448841 -> 
  custom:scripting/monoscript/fileName/RawFileBuildParameters.cs: b8bf32a713d9ddcee0327f74c91d6b68 -> 
  custom:scripting/monoscript/fileName/CreateBuiltInBundle.cs: 723d8351fdd9e35237331445167647f5 -> 
  custom:scripting/monoscript/fileName/LoadEditorPackageHashOperation.cs: 0c267fd12db569aa4af13e99d1517adf -> 
  custom:scripting/monoscript/fileName/ReporterBundleListViewer.cs: 0faa6d6f557656b4ee40f72b7877c9fb -> 
  custom:scripting/monoscript/fileName/TaskCreateReport_SBP.cs: adb80da6944d09a0f802f4e54cc69599 -> 
  custom:scripting/monoscript/fileName/TaskGetBuildMap.cs: 3047618a5c1823a459b822567c9614db -> 
  custom:scripting/monoscript/fileName/CompletedProvider.cs: 9dbd66f6df4011beec02b025ad1e6d65 -> 
  custom:scripting/monoscript/fileName/BundledSceneProvider.cs: 64577c2b991d55ec33061bf35f49988b -> 
  custom:scripting/monoscript/fileName/CollectCommand.cs: b4554c9014743eb38b02252aa1757ec5 -> 
  custom:scripting/monoscript/fileName/TaskBuilding_SBP.cs: 9b82923d3bdda73591a3425ec531d42b -> 
  custom:scripting/monoscript/fileName/InitializationOperation.cs: 7bed3fcafa9e32bf23d7f4c924406571 -> 
  custom:scripting/monoscript/fileName/BuildPlayerScripts.cs: 0f2fc29cfe25da306bd11569a87e99c9 -> 
  custom:scripting/monoscript/fileName/IDecryptionServices.cs: 020c4641d05c6c7a7d2a819da49a6ecc -> 
  custom:scripting/monoscript/fileName/TaskEncryption_RFBP.cs: e79d4b4ae53e1f79ee5143eabd035ad6 -> 
  custom:scripting/monoscript/fileName/BuildWriteData.cs: 2cea0300b77fdbda33a3d90a3f600b08 -> 
  custom:scripting/monoscript/fileName/AssetBundleDebuggerWindow.cs: 1ac7340fb2e586f6628a577c78827c32 -> 
  custom:scripting/monoscript/fileName/VerifyCacheFilesOperation.cs: afd3d52fc24ccfdbd997f9e3d04dff61 -> 
  custom:scripting/monoscript/fileName/DCFSClearUnusedBundleFilesOperation.cs: 2f01092e18cf09c9b66f0b9b273742d2 -> 
  custom:scripting/monoscript/fileName/BuildResult.cs: d8d2b866533723a753da10dc924f801f -> 
  custom:scripting/monoscript/fileName/BuildLogger.cs: b9d8388fec3c0769797110715bcda48f -> 
  custom:scripting/monoscript/fileName/DWFSLoadBundleOperation.cs: 1f2fd478a09550e3f1a15777dcf106b5 -> 
  custom:scripting/monoscript/fileName/UnloadUnusedAssetsOperation.cs: 83c76ef4081d9b90c304fa8c9f2ed2f3 -> 
  custom:scripting/monoscript/fileName/BuildSpriteData.cs: c829088ed78bbbb541c4780bcaac9f9e -> 
  custom:scripting/monoscript/fileName/FSLoadPackageManifestOperation.cs: 688db379adef71557a8cb80fec7b9b6d -> 
  custom:scripting/monoscript/fileName/IBuildCache.cs: b89b6b1c01287101de59d979a61eafa2 -> 
  custom:scripting/monoscript/fileName/DCFSDownloadFileOperation.cs: 8fb4331e452c097053ccc46d37f23546 -> 
  custom:video-encoder-webm-vp8: eb34c28f22e8b96e1ab97ce403110664 -> 
  custom:scripting/monoscript/fileName/WebRequestCounter.cs: a415d5c140522e0469b09ed4d5b5a694 -> 
  custom:scripting/monoscript/fileName/DefaultBuildinFileSystem.cs: b0ca2519c01f609bd62cba5162d29401 -> 
  custom:scripting/monoscript/fileName/ContextInjector.cs: be93aa05045a7a9adf91118021d7b9ef -> 
  custom:scripting/monoscript/fileName/IWriteOperation.cs: f992fc85bf839520185f31965947c71e -> 
  custom:scripting/monoscript/fileName/LoadDependFileOperation.cs: c9995c6c43eecf778f43a5a7aeb8ea12 -> 
  custom:audio-decoder-ogg-vorbis: bf7c407c2cedff20999df2af8eb42d56 -> 
  custom:scripting/monoscript/fileName/SwitchToBuildPlatform.cs: 302951eb00ef533a7f8d4e2af60b1dbb -> 
  custom:scripting/monoscript/fileName/ArchiveAndCompressBundles.cs: a4f30b836ec7f461da7b1d8eed932e91 -> 
  custom:scripting/monoscript/fileName/DebugReport.cs: 71b8a94c6b48b309226e0ebcfb15fa9e -> 
  custom:scripting/monoscript/fileName/AssetBundleSimulateBuilder.cs: 12a459c9d57b76cf42a75d21a245cef0 -> 
  custom:scripting/monoscript/fileName/RawFileHandle.cs: 38bc98408a8267547893ee172f1790eb -> 
  custom:scripting/monoscript/fileName/MD4.cs: 78155ea9dc73b12fc02ca5bf12ab1a89 -> eb4100b4258ba66e68a6a8330d8ed4cc
  custom:scripting/monoscript/fileName/SceneBundleWriteOperation.cs: 32514961e31a58db7f78c6fb8757c75f -> 
  custom:scripting/monoscript/fileName/TaskPrepare_BBP.cs: cf99b58f2f7f6e276133fe1e852dec86 -> 
  custom:scripting/monoscript/fileName/FSInitializeFileSystemOperation.cs: 09bf3f619570c0b0f919675bc402848c -> 
  custom:scripting/monoscript/fileName/IRemoteServices.cs: cbca063018c0ffa2e61d58c9c5eaa1b1 -> 
  custom:scripting/monoscript/fileName/LoadCachePackageHashOperation.cs: 67918306b79a86f229f5495877638947 -> 
  custom:scripting/monoscript/fileName/ProviderOperation.cs: b930a394752fdc5ba86a6e22b69e74ff -> 
  custom:scripting/monoscript/fileName/RemotePlayerSession.cs: 62e83640983aa134f14d73f29f93cba3 -> 
  custom:scripting/monoscript/fileName/DownloadParam.cs: 8338b6e6517d84d7561a68315eacc673 -> 
  custom:scripting/monoscript/fileName/IBuildLog.cs: 543b8847c6c9094f2d90357f2bde8b30 -> 
  custom:scripting/monoscript/fileName/IAssetRepresentationData.cs: 4fd3029c6ddc21ad01839cd63f7e8552 -> 
  custom:scripting/monoscript/fileName/AppendBundleHash.cs: 4b529c191f72e41deab5ef0b8d08bb2f -> 
  custom:scripting/monoscript/fileName/AssetBundleRecorder.cs: f9ff69f460f901490504e76dc981a7c0 -> 
  custom:scripting/monoscript/fileName/IBuildPipeline.cs: 45044e1b38103f10b26b9ce1c93cbeed -> 
  custom:scripting/monoscript/fileName/PlayModeHelper.cs: 27159cd01749bdcb22d086c89fa8712d -> 
  custom:scripting/monoscript/fileName/YooAssetsExtension.cs: 60d5cb420e7f846ea3aea443710d89a8 -> 
  custom:scripting/monoscript/fileName/UIElementsTools.cs: bbca8892b3a315400854d8c8a3372fc1 -> 
  custom:scripting/monoscript/fileName/TaskUpdateBundleInfo_SBP.cs: 27ab16c95fb4ed0b060907ca7effc9e4 -> 
  custom:scripting/monoscript/fileName/Serializer.cs: 6c1de1ff1b6b7616ec79b8ee1445add4 -> d7df1b97d0a3bd0bb98fd4d2d5bf5d29
  custom:scripting/monoscript/fileName/DefaultBuildinFileCatalog.cs: 27355b77a6a46349c351ea446cf49935 -> 
  custom:scripting/monoscript/fileName/AssetInfo.cs: cb71ddecafa74902a796d6016adbaf2c -> 
  custom:scripting/monoscript/fileName/ApplicationFootPrint.cs: a116da9ff812b26c16729b847ded8d98 -> 
  custom:scripting/monoscript/fileName/AssetBundleCollectorWindow.cs: d4c6bafc92cb82dd30d72e2c55450ef4 -> 
  custom:scripting/monoscript/fileName/GenerateBundlePacking.cs: e605bef1aeac04a952cb03f12b7d1b74 -> 
  custom:scripting/monoscript/fileName/DWFSInitializeOperation.cs: 669ffb3564c54862bd8f6e123dfc757e -> 
  custom:scripting/monoscript/fileName/RequestBuildinPackageHashOperation.cs: 70953b8e015e80990c6061b3c63db98c -> 
  custom:scripting/monoscript/fileName/FSClearAllBundleFilesOperation.cs: a541aba3e8b588cfac3143f3c9c55b32 -> 
  custom:scripting/monoscript/fileName/SceneHandle.cs: 87a5324ee63c80f2dd0068a199a57d5d -> 
  custom:scripting/monoscript/fileName/ReportIndependAsset.cs: 1dac6eb5251bdfa81e6dbfcb5662f661 -> 
  custom:scripting/monoscript/fileName/TaskCopyBuildinFiles_RFBP.cs: 7bb573e8e8c6ec76a8f99f586ae29031 -> 
  custom:scripting/monoscript/fileName/BuiltinBuildParameters.cs: 882479af13ea33d193f6283fcd2b3f7e -> 
  custom:scripting/monoscript/fileName/IBuildTask.cs: 8c2dcc1472be7341025ec28aeffdf148 -> 
  custom:scripting/monoscript/fileName/GenerateBundleMaps.cs: 9a1c9e701ac353a3e9f794fda78e0a1c -> 
  custom:scripting/monoscript/fileName/SceneStateCleanup.cs: 31db7f5f98e9a1c904a3b9e4c43aa24b -> 
  custom:scripting/monoscript/fileName/TaskEncryption.cs: 0ee74ee90269122f37de3a6fdcfe20a2 -> 
  custom:scripting/monoscript/fileName/VerifyTempFileOperation.cs: dc34105391d60a337d78cfc5f6d0ca1b -> 
  custom:scripting/monoscript/fileName/ReportAssetInfo.cs: f551b788e3dda0b878ce507ede152825 -> 
  custom:scripting/monoscript/fileName/TaskUpdateBundleInfo.cs: e28714e4a2be4c745cb1baa67b8a80a2 -> 
  custom:scripting/monoscript/fileName/DebuggerAssetListViewer.cs: b58e98cd9214447435abc2683b250566 -> 
  custom:scripting/monoscript/fileName/DefaultBuildinFileSystemBuild.cs: 00a7b6172e54de2545015b041b2e7093 -> 
  custom:scripting/monoscript/fileName/HostPlayModeImpl.cs: a912828507b622783e358f0ccd4b4fe3 -> 
  custom:scripting/monoscript/fileName/IWriteData.cs: f2a238486c9cc3a5a9e531c07d54f232 -> 
  custom:scripting/monoscript/fileName/UnloadSceneOperation.cs: 8345287c6aa7b0eea6e8ceeccf043f3f -> 
  custom:scripting/monoscript/fileName/YooAssets.cs: 60d5cb420e7f846ea3aea443710d89a8 -> 
  custom:scripting/monoscript/fileName/BuildInterfacesWrapper.cs: aeca1257cd6ce17b667e21eeaeaba2db -> 
  custom:scripting/monoscript/fileName/WriteSerializedFiles.cs: 9c94ef6dac7108c5c9e0e92e832d5652 -> 
  custom:scripting/monoscript/fileName/DefaultCacheFileSystem.cs: 7c985ef5131807b91c67cc9f60529d4c -> 
  custom:scripting/monoscript/fileName/DatabaseAssetProvider.cs: 978af00028d46c22e5564a8c11f1f9d9 -> 
  custom:scripting/monoscript/fileName/TaskCreateManifest_SBP.cs: 8b16732bf7d9527bdbcb1cb3d835dadd -> 
  custom:scripting/monoscript/fileName/CollectResult.cs: 13e01d58a7d0fec62f87999474e35c00 -> 
  custom:scripting/monoscript/fileName/IEncryptionServices.cs: 4c1e1c23b092805a42d8a314e6c10525 -> 
  custom:audio-encoder-webm-vorbis: bf7c407c2cedff20999df2af8eb42d56 -> 
  custom:scripting/monoscript/fileName/ThreadingManager.cs: c9fc7fb2e109a60745bd85a84c04e0b5 -> 
  custom:scripting/monoscript/fileName/DatabaseSubAssetsProvider.cs: 8e12b82c8ee364ed46c0cbccb8296273 -> 
  custom:scripting/monoscript/fileName/LoadWebPackageManifestOperation.cs: afe494833f622d3e3e7c76e9ce55212f -> 
  custom:scripting/monoscript/fileName/SearchCacheFilesOperation.cs: 018ec8d98aed6378c262996bb6d2b756 -> 
  custom:scripting/monoscript/fileName/AllAssetsHandle.cs: f791fcab3b3757fb621d9394e5139461 -> 
  custom:scripting/monoscript/fileName/BuildReport.cs: f6178b8dd50e599f137327706d65d880 -> 
  custom:scripting/monoscript/fileName/DCFSInitializeOperation.cs: aaaec8b19459d065b68b2cac083b46b5 -> 
  custom:scripting/monoscript/fileName/ReporterSummaryViewer.cs: 5df5c773271e31b0f3de4e42bce71fa1 -> 
  custom:scripting/monoscript/fileName/EditorSimulateBuildResult.cs: fec073f42bc3b56dbc9a7e9c910f2467 -> 
  custom:scripting/monoscript/fileName/BuildDependencyData.cs: e86421eb6cd5a56c2f29fe865b6f6634 -> 
  custom:scripting/monoscript/fileName/EditorTools.cs: 54e2705aa65d656e6d2098472a2968bc -> 
  custom:scripting/monoscript/fileName/CompatibilityBuildPipeline.cs: facf82cb07a5c10c38b56a00da8757a5 -> 
  custom:scripting/monoscript/fileName/LoadCachePackageManifestOperation.cs: 83b672cc645de3609777750c4d42d7cd -> 
  custom:scripting/precompiled-assembly-types:Assembly-CSharp: 4eea117f627541ff149943d7dcbc5f13 -> 
  custom:scripting/monoscript/fileName/TaskCreateManifest.cs: 16c67ddd702e407776533344af419ac8 -> 
  custom:scripting/monoscript/fileName/TaskBuilding_BBP.cs: 551e82fb2d3baa4cdacee8c6fb65e873 -> 
  custom:scripting/monoscript/fileName/DEFSInitializeOperation.cs: 4e7728d7c22dcb19dc98dfe3d28dcd36 -> 
  custom:scripting/monoscript/fileName/DownloadHandlerAssetBundleOperation.cs: 4ed3e70fd653767f6fbd7b06a2d12367 -> 
  custom:scripting/monoscript/fileName/ClearUnusedBundleFilesOperation.cs: ce25009908d28ddf31c854e04158647f -> 
  custom:scripting/monoscript/fileName/FSDownloadFileOperation.cs: d69fdfe8b572398c79a24a10fe3d27b4 -> 
  custom:scripting/monoscript/fileName/AssetBundleCollector.cs: 340da094351ac08c6eb13819e1fa3ab3 -> 
  custom:scripting/monoscript/fileName/CalculateAssetDependencyData.cs: 3543034cff244684ebe2b35b7e56cabb -> 
  custom:scripting/monoscript/fileName/Unity5PackedIdentifiers.cs: 2fef534b6f5a3f203548e50e8ca6fb59 -> 
  custom:scripting/monoscript/fileName/LoadWebCatalogFileOperation.cs: 184e0c985a9446ea88f479872f52f539 -> 
  custom:scripting/monoscript/fileName/DWFSLoadPackageManifestOperation.cs: c495c2a619d579994d29d98676b441b5 -> 
========================================================================
Received Import Request.
  Time since last request: 2209.373690 seconds.
  path: Packages/com.code-philosophy.hybridclr/package.json
  artifactKey: Guid(8ea8eca3a387d9d4988a2fca1036f2e7) Importer(815301076,1909f56bfc062723c751e8b465ee728b)
Start importing Packages/com.code-philosophy.hybridclr/package.json using Guid(8ea8eca3a387d9d4988a2fca1036f2e7) Importer(815301076,1909f56bfc062723c751e8b465ee728b) [PhysX] Initialized MultithreadedTaskDispatcher with 12 workers.
 -> (artifact id: '476d8551033585822b9b7f5572de675a') in 0.010966 seconds
Number of updated asset objects reloaded before import = 0
Number of asset objects unloaded after import = 1
========================================================================
Received Import Request.
  Time since last request: 2.992093 seconds.
  path: Packages/com.code-philosophy.hybridclr/Editor
  artifactKey: Guid(c3fabc41cf17c444995fc01a76c5dbe6) Importer(815301076,1909f56bfc062723c751e8b465ee728b)
Start importing Packages/com.code-philosophy.hybridclr/Editor using Guid(c3fabc41cf17c444995fc01a76c5dbe6) Importer(815301076,1909f56bfc062723c751e8b465ee728b) [PhysX] Initialized MultithreadedTaskDispatcher with 12 workers.
 -> (artifact id: '0fe5840243a05be3883e4c53bac8e788') in 0.000470 seconds
Number of updated asset objects reloaded before import = 0
Number of asset objects unloaded after import = 0
========================================================================
Received Import Request.
  Time since last request: 0.036516 seconds.
  path: Packages/com.code-philosophy.hybridclr/Editor/HybridCLR.Editor.asmdef
  artifactKey: Guid(2373f786d14518f44b0f475db77ba4de) Importer(815301076,1909f56bfc062723c751e8b465ee728b)
Start importing Packages/com.code-philosophy.hybridclr/Editor/HybridCLR.Editor.asmdef using Guid(2373f786d14518f44b0f475db77ba4de) Importer(815301076,1909f56bfc062723c751e8b465ee728b) [PhysX] Initialized MultithreadedTaskDispatcher with 12 workers.
 -> (artifact id: 'a67b63e579a3fece773428d6dcda8ca5') in 0.000503 seconds
Number of updated asset objects reloaded before import = 0
Number of asset objects unloaded after import = 0
