#
# There is insufficient memory for the Java Runtime Environment to continue.
# Native memory allocation (mmap) failed to map 534773760 bytes for Failed to commit area from 0x0000000602e00000 to 0x0000000622c00000 of length 534773760.
# Possible reasons:
#   The system is out of physical RAM or swap space
#   The process is running with CompressedOops enabled, and the Java Heap may be blocking the growth of the native heap
# Possible solutions:
#   Reduce memory load on the system
#   Increase physical memory or swap space
#   Check if swap backing store is full
#   Decrease Java heap size (-Xmx/-Xms)
#   Decrease number of Java threads
#   Decrease Java thread stack sizes (-Xss)
#   Set larger code cache with -XX:ReservedCodeCacheSize=
# This output file may be truncated or incomplete.
#
#  Out of Memory Error (./src/hotspot/os/windows/os_windows.cpp:3387), pid=36024, tid=35224
#
# JRE version:  (11.0.14.1+1) (build )
# Java VM: OpenJDK 64-Bit Server VM (11.0.14.1+1, mixed mode, sharing, tiered, compressed oops, g1 gc, windows-amd64)
# No core dump will be written. Minidumps are not enabled by default on client versions of Windows
#

---------------  S U M M A R Y ------------

Command Line: 

Host: 12th Gen Intel(R) Core(TM) i5-12400F, 12 cores, 31G,  Windows 10 , 64 bit Build 19041 (10.0.19041.5072)
Time: Tue Nov 26 09:09:38 2024 中国标准时间 elapsed time: 0.005337 seconds (0d 0h 0m 0s)

---------------  T H R E A D  ---------------

Current thread (0x0000018a2a323800):  JavaThread "Unknown thread" [_thread_in_vm, id=35224, stack(0x0000006d3cc00000,0x0000006d3cd00000)]

Stack: [0x0000006d3cc00000,0x0000006d3cd00000]
Native frames: (J=compiled Java code, j=interpreted, Vv=VM code, C=native code)
V  [jvm.dll+0x61e59a]
V  [jvm.dll+0x7aaca9]
V  [jvm.dll+0x7ac398]
V  [jvm.dll+0x7aca73]
V  [jvm.dll+0x24f9b8]
V  [jvm.dll+0x61b83a]
V  [jvm.dll+0x6100c5]
V  [jvm.dll+0x30772c]
V  [jvm.dll+0x3075b2]
V  [jvm.dll+0x30c2d6]
V  [jvm.dll+0x35272f]
V  [jvm.dll+0x352160]
V  [jvm.dll+0x2e4728]
V  [jvm.dll+0x2e5886]
V  [jvm.dll+0x784b07]
V  [jvm.dll+0x78628f]
V  [jvm.dll+0x35f479]
V  [jvm.dll+0x767aa0]
V  [jvm.dll+0x3ccf1f]
V  [jvm.dll+0x3cf2b1]
C  [jli.dll+0x5207]
C  [ucrtbase.dll+0x21bb2]
C  [KERNEL32.DLL+0x17374]
C  [ntdll.dll+0x4cc91]


---------------  P R O C E S S  ---------------

Threads class SMR info:
_java_thread_list=0x0000018a2a076780, length=0, elements={
}

Java Threads: ( => current thread )

Other Threads:
  0x0000018a2a338800 GCTaskThread "GC Thread#0" [stack: 0x0000006d3cd00000,0x0000006d3ce00000] [id=28152]
  0x0000018a2a3ba000 ConcurrentGCThread "G1 Main Marker" [stack: 0x0000006d3ce00000,0x0000006d3cf00000] [id=39188]
  0x0000018a2a3bb800 ConcurrentGCThread "G1 Conc#0" [stack: 0x0000006d3cf00000,0x0000006d3d000000] [id=32608]

[error occurred during error reporting (printing all threads), id 0xc0000005, EXCEPTION_ACCESS_VIOLATION (0xc0000005) at pc=0x00007ffb55e93ef7]

VM state:not at safepoint (not fully initialized)

VM Mutex/Monitor currently owned by a thread:  ([mutex/lock_event])
[0x0000018a2a3234c0] Heap_lock - owner thread: 0x0000018a2a323800

Heap address: 0x0000000602e00000, size: 8146 MB, Compressed Oops mode: Non-zero based: 0x0000000602e00000
Narrow klass base: 0x0000000000000000, Narrow klass shift: 0

GC Heap History (0 events):
No events

Deoptimization events (0 events):
No events

Classes redefined (0 events):
No events

Internal exceptions (0 events):
No events

Events (1 events):
Event: 0.003 Loaded shared library D:\2022.3.48f1c1\Editor\Data\PlaybackEngines\AndroidPlayer\OpenJDK\bin\zip.dll


Dynamic libraries:
0x00007ff755680000 - 0x00007ff75568d000 	D:\2022.3.48f1c1\Editor\Data\PlaybackEngines\AndroidPlayer\OpenJDK\bin\java.exe
0x00007ffbda910000 - 0x00007ffbdab08000 	C:\Windows\SYSTEM32\ntdll.dll
0x00007ffbd8f00000 - 0x00007ffbd8fc2000 	C:\Windows\System32\KERNEL32.DLL
0x00007ffbd8230000 - 0x00007ffbd852e000 	C:\Windows\System32\KERNELBASE.dll
0x00007ffbd7fe0000 - 0x00007ffbd80e0000 	C:\Windows\System32\ucrtbase.dll
0x00007ffbbc7f0000 - 0x00007ffbbc807000 	D:\2022.3.48f1c1\Editor\Data\PlaybackEngines\AndroidPlayer\OpenJDK\bin\jli.dll
0x00007ffbbae70000 - 0x00007ffbbae85000 	D:\2022.3.48f1c1\Editor\Data\PlaybackEngines\AndroidPlayer\OpenJDK\bin\VCRUNTIME140.dll
0x00007ffbda120000 - 0x00007ffbda2bd000 	C:\Windows\System32\USER32.dll
0x00007ffbd8800000 - 0x00007ffbd8822000 	C:\Windows\System32\win32u.dll
0x00007ffbd9d50000 - 0x00007ffbd9d7b000 	C:\Windows\System32\GDI32.dll
0x00007ffbbbd50000 - 0x00007ffbbbfea000 	C:\Windows\WinSxS\amd64_microsoft.windows.common-controls_6595b64144ccf1df_6.0.19041.4355_none_60b8b9eb71f62e16\COMCTL32.dll
0x00007ffbd8530000 - 0x00007ffbd8647000 	C:\Windows\System32\gdi32full.dll
0x00007ffbda750000 - 0x00007ffbda7ee000 	C:\Windows\System32\msvcrt.dll
0x00007ffbd8190000 - 0x00007ffbd822d000 	C:\Windows\System32\msvcp_win.dll
0x00007ffbd9e50000 - 0x00007ffbd9e7f000 	C:\Windows\System32\IMM32.DLL
0x00007ffbaced0000 - 0x00007ffbacf6b000 	D:\2022.3.48f1c1\Editor\Data\PlaybackEngines\AndroidPlayer\OpenJDK\bin\msvcp140.dll
0x00007ffb55ba0000 - 0x00007ffb56721000 	D:\2022.3.48f1c1\Editor\Data\PlaybackEngines\AndroidPlayer\OpenJDK\bin\server\jvm.dll
0x00007ffbd8db0000 - 0x00007ffbd8e61000 	C:\Windows\System32\ADVAPI32.dll
0x00007ffbda6b0000 - 0x00007ffbda74f000 	C:\Windows\System32\sechost.dll
0x00007ffbda2c0000 - 0x00007ffbda3e3000 	C:\Windows\System32\RPCRT4.dll
0x00007ffbd7fb0000 - 0x00007ffbd7fd7000 	C:\Windows\System32\bcrypt.dll
0x00007ffbda110000 - 0x00007ffbda118000 	C:\Windows\System32\PSAPI.DLL
0x00007ffbd2490000 - 0x00007ffbd2499000 	C:\Windows\SYSTEM32\WSOCK32.dll
0x00007ffbce6f0000 - 0x00007ffbce717000 	C:\Windows\SYSTEM32\WINMM.dll
0x00007ffbd30a0000 - 0x00007ffbd30aa000 	C:\Windows\SYSTEM32\VERSION.dll
0x00007ffbd8fd0000 - 0x00007ffbd903b000 	C:\Windows\System32\WS2_32.dll
0x00007ffbd5e50000 - 0x00007ffbd5e62000 	C:\Windows\SYSTEM32\kernel.appcore.dll
0x00007ffbcaff0000 - 0x00007ffbcb000000 	D:\2022.3.48f1c1\Editor\Data\PlaybackEngines\AndroidPlayer\OpenJDK\bin\verify.dll
0x00007ffbcddb0000 - 0x00007ffbcdf94000 	C:\Windows\SYSTEM32\DBGHELP.DLL
0x00007ffbba4b0000 - 0x00007ffbba4e4000 	C:\Windows\SYSTEM32\dbgcore.DLL
0x00007ffbd8830000 - 0x00007ffbd88b2000 	C:\Windows\System32\bcryptPrimitives.dll
0x00007ffbb8810000 - 0x00007ffbb8838000 	D:\2022.3.48f1c1\Editor\Data\PlaybackEngines\AndroidPlayer\OpenJDK\bin\java.dll
0x00007ffbcaf80000 - 0x00007ffbcaf8a000 	D:\2022.3.48f1c1\Editor\Data\PlaybackEngines\AndroidPlayer\OpenJDK\bin\jimage.dll
0x00007ffbb7f80000 - 0x00007ffbb7f98000 	D:\2022.3.48f1c1\Editor\Data\PlaybackEngines\AndroidPlayer\OpenJDK\bin\zip.dll

dbghelp: loaded successfully - version: 4.0.5 - missing functions: none
symbol engine: initialized successfully - sym options: 0x614 - pdb path: .;D:\2022.3.48f1c1\Editor\Data\PlaybackEngines\AndroidPlayer\OpenJDK\bin;C:\Windows\SYSTEM32;C:\Windows\WinSxS\amd64_microsoft.windows.common-controls_6595b64144ccf1df_6.0.19041.4355_none_60b8b9eb71f62e16;D:\2022.3.48f1c1\Editor\Data\PlaybackEngines\AndroidPlayer\OpenJDK\bin\server

VM Arguments:
java_command: <unknown>
java_class_path (initial): <not set>
Launcher Type: SUN_STANDARD

[Global flags]
     intx CICompilerCount                          = 4                                         {product} {ergonomic}
     uint ConcGCThreads                            = 3                                         {product} {ergonomic}
     uint G1ConcRefinementThreads                  = 10                                        {product} {ergonomic}
   size_t G1HeapRegionSize                         = 2097152                                   {product} {ergonomic}
    uintx GCDrainStackTargetSize                   = 64                                        {product} {ergonomic}
   size_t InitialHeapSize                          = 534773760                                 {product} {ergonomic}
   size_t MarkStackSize                            = 4194304                                   {product} {ergonomic}
   size_t MaxHeapSize                              = 8541700096                                {product} {ergonomic}
   size_t MinHeapDeltaBytes                        = 2097152                                   {product} {ergonomic}
    uintx NonNMethodCodeHeapSize                   = 5836300                                {pd product} {ergonomic}
    uintx NonProfiledCodeHeapSize                  = 122910970                              {pd product} {ergonomic}
    uintx ProfiledCodeHeapSize                     = 122910970                              {pd product} {ergonomic}
    uintx ReservedCodeCacheSize                    = 251658240                              {pd product} {ergonomic}
     bool SegmentedCodeCache                       = true                                      {product} {ergonomic}
     bool UseCompressedClassPointers               = true                                 {lp64_product} {ergonomic}
     bool UseCompressedOops                        = true                                 {lp64_product} {ergonomic}
     bool UseG1GC                                  = true                                      {product} {ergonomic}
     bool UseLargePagesIndividualAllocation        = false                                  {pd product} {ergonomic}

Logging:
Log output configuration:
 #0: stdout all=warning uptime,level,tags
 #1: stderr all=off uptime,level,tags

Environment Variables:
JAVA_HOME=D:\2022.3.48f1c1\Editor\Data\PlaybackEngines\AndroidPlayer\OpenJDK
PATH=C:\Windows\system32;C:\Windows;C:\Windows\System32\Wbem;C:\Windows\System32\WindowsPowerShell\v1.0\;C:\Windows\System32\OpenSSH\;C:\Program Files (x86)\NVIDIA Corporation\PhysX\Common;C:\Program Files\NVIDIA Corporation\NVIDIA NvDLISR;C:\Program Files\Git\cmd;C:\Program Files\TortoiseGit\bin;C:\Program Files\dotnet\;C:\Program Files (x86)\Windows Kits\10\Windows Performance Toolkit\;C:\Users\Administrator\AppData\Local\Microsoft\WindowsApps;C:\Users\Administrator\.dotnet\tools
USERNAME=Administrator
OS=Windows_NT
PROCESSOR_IDENTIFIER=Intel64 Family 6 Model 151 Stepping 2, GenuineIntel



---------------  S Y S T E M  ---------------

OS: Windows 10 , 64 bit Build 19041 (10.0.19041.5072)
OS uptime: 6 days 8:08 hours

CPU:total 12 (initial active 12) (6 cores per cpu, 2 threads per core) family 6 model 151 stepping 2 microcode 0x34, cmov, cx8, fxsr, mmx, sse, sse2, sse3, ssse3, sse4.1, sse4.2, popcnt, avx, avx2, aes, clmul, erms, 3dnowpref, lzcnt, ht, tsc, tscinvbit, bmi1, bmi2, adx, sha, fma

Memory: 4k page, system-wide physical 32581M (583M free)
TotalPageFile size 58181M (AvailPageFile size 150M)
current process WorkingSet (physical memory assigned to process): 10M, peak: 10M
current process commit charge ("private bytes"): 65M, peak: 575M

vm_info: OpenJDK 64-Bit Server VM (11.0.14.1+1) for windows-amd64 JRE (11.0.14.1+1), built on Feb  9 2022 01:48:27 by "" with unknown MS VC++:1916

END.
